{"meta": {"format": 3, "version": "7.13.1", "timestamp": "2026-03-30T16:22:39.387573", "branch_coverage": true, "show_contexts": false}, "files": {"src/unraid_api/__init__.py": {"executed_lines": [3, 4, 5, 9, 17, 86], "summary": {"covered_lines": 6, "num_statements": 6, "percent_covered": 100.0, "percent_covered_display": "100", "missing_lines": 0, "excluded_lines": 0, "percent_statements_covered": 100.0, "percent_statements_covered_display": "100", "num_branches": 0, "num_partial_branches": 0, "covered_branches": 0, "missing_branches": 0, "percent_branches_covered": 100.0, "percent_branches_covered_display": "100"}, "missing_lines": [], "excluded_lines": [], "executed_branches": [], "missing_branches": [], "functions": {"": {"executed_lines": [3, 4, 5, 9, 17, 86], "summary": {"covered_lines": 6, "num_statements": 6, "percent_covered": 100.0, "percent_covered_display": "100", "missing_lines": 0, "excluded_lines": 0, "percent_statements_covered": 100.0, "percent_statements_covered_display": "100", "num_branches": 0, "num_partial_branches": 0, "covered_branches": 0, "missing_branches": 0, "percent_branches_covered": 100.0, "percent_branches_covered_display": "100"}, "missing_lines": [], "excluded_lines": [], "start_line": 1, "executed_branches": [], "missing_branches": []}}, "classes": {"": {"executed_lines": [3, 4, 5, 9, 17, 86], "summary": {"covered_lines": 6, "num_statements": 6, "percent_covered": 100.0, "percent_covered_display": "100", "missing_lines": 0, "excluded_lines": 0, "percent_statements_covered": 100.0, "percent_statements_covered_display": "100", "num_branches": 0, "num_partial_branches": 0, "covered_branches": 0, "missing_branches": 0, "percent_branches_covered": 100.0, "percent_branches_covered_display": "100"}, "missing_lines": [], "excluded_lines": [], "start_line": 1, "executed_branches": [], "missing_branches": []}}}, "src/unraid_api/_version.py": {"executed_lines": [3], "summary": {"covered_lines": 1, "num_statements": 1, "percent_covered": 100.0, "percent_covered_display": "100", "missing_lines": 0, "excluded_lines": 0, "percent_statements_covered": 100.0, "percent_statements_covered_display": "100", "num_branches": 0, "num_partial_branches": 0, "covered_branches": 0, "missing_branches": 0, "percent_branches_covered": 100.0, "percent_branches_covered_display": "100"}, "missing_lines": [], "excluded_lines": [], "executed_branches": [], "missing_branches": [], "functions": {"": {"executed_lines": [3], "summary": {"covered_lines": 1, "num_statements": 1, "percent_covered": 100.0, "percent_covered_display": "100", "missing_lines": 0, "excluded_lines": 0, "percent_statements_covered": 100.0, "percent_statements_covered_display": "100", "num_branches": 0, "num_partial_branches": 0, "covered_branches": 0, "missing_branches": 0, "percent_branches_covered": 100.0, "percent_branches_covered_display": "100"}, "missing_lines": [], "excluded_lines": [], "start_line": 1, "executed_branches": [], "missing_branches": []}}, "classes": {"": {"executed_lines": [3], "summary": {"covered_lines": 1, "num_statements": 1, "percent_covered": 100.0, "percent_covered_display": "100", "missing_lines": 0, "excluded_lines": 0, "percent_statements_covered": 100.0, "percent_statements_covered_display": "100", "num_branches": 0, "num_partial_branches": 0, "covered_branches": 0, "missing_branches": 0, "percent_branches_covered": 100.0, "percent_branches_covered_display": "100"}, "missing_lines": [], "excluded_lines": [], "start_line": 1, "executed_branches": [], "missing_branches": []}}}, "src/unraid_api/client.py": {"executed_lines": [3, 5, 6, 7, 8, 9, 11, 13, 64, 67, 68, 69, 70, 71, 74, 90, 113, 114, 116, 120, 122, 123, 124, 125, 126, 127, 128, 129, 131, 132, 134, 136, 138, 139, 141, 148, 150, 152, 153, 155, 156, 157, 158, 164, 166, 167, 169, 173, 175, 177, 178, 179, 180, 181, 182, 184, 186, 187, 191, 192, 193, 195, 196, 199, 200, 202, 205, 206, 209, 213, 216, 218, 219, 221, 222, 227, 228, 229, 233, 234, 235, 238, 245, 247, 263, 264, 266, 267, 269, 273, 274, 279, 281, 285, 286, 288, 289, 292, 294, 295, 296, 300, 301, 302, 305, 310, 313, 317, 320, 321, 322, 323, 326, 336, 340, 343, 344, 345, 346, 347, 349, 350, 356, 359, 364, 366, 367, 368, 372, 374, 378, 379, 383, 385, 387, 402, 403, 405, 406, 408, 409, 410, 411, 413, 414, 415, 416, 422, 423, 428, 429, 431, 433, 434, 438, 439, 440, 441, 442, 443, 444, 446, 457, 458, 464, 465, 466, 467, 471, 472, 476, 477, 478, 480, 481, 482, 483, 484, 485, 486, 487, 488, 492, 493, 494, 495, 496, 498, 516, 517, 518, 520, 521, 523, 524, 525, 526, 527, 528, 529, 530, 531, 532, 534, 536, 538, 540, 546, 551, 556, 558, 575, 577, 587, 588, 591, 592, 593, 594, 595, 598, 600, 602, 604, 626, 632, 633, 634, 639, 640, 641, 642, 643, 644, 647, 657, 658, 663, 666, 670, 671, 672, 673, 674, 675, 676, 677, 679, 711, 716, 717, 719, 720, 721, 724, 725, 726, 728, 739, 740, 742, 743, 744, 746, 747, 748, 749, 750, 751, 755, 757, 758, 759, 760, 765, 766, 768, 773, 775, 776, 779, 781, 782, 785, 791, 801, 802, 804, 816, 818, 819, 821, 823, 824, 825, 829, 830, 832, 833, 834, 838, 839, 841, 843, 850, 852, 864, 865, 866, 871, 881, 883, 896, 897, 899, 909, 911, 944, 945, 947, 957, 959, 982, 983, 984, 986, 997, 999, 1037, 1053, 1054, 1055, 1056, 1060, 1061, 1062, 1063, 1065, 1072, 1074, 1085, 1086, 1087, 1089, 1096, 1098, 1113, 1114, 1115, 1117, 1127, 1129, 1172, 1173, 1176, 1177, 1179, 1190, 1197, 1199, 1220, 1221, 1222, 1224, 1231, 1233, 1243, 1244, 1245, 1247, 1254, 1256, 1276, 1277, 1278, 1280, 1287, 1289, 1311, 1312, 1313, 1315, 1322, 1324, 1335, 1336, 1337, 1339, 1349, 1351, 1361, 1362, 1363, 1369, 1379, 1390, 1392, 1402, 1413, 1419, 1429, 1436, 1438, 1448, 1455, 1461, 1470, 1480, 1482, 1492, 1502, 1508, 1518, 1525, 1527, 1534, 1541, 1543, 1550, 1557, 1559, 1566, 1573, 1579, 1589, 1599, 1601, 1611, 1621, 1627, 1637, 1648, 1650, 1660, 1671, 1673, 1683, 1695, 1697, 1705, 1743, 1744, 1750, 1760, 1767, 1769, 1779, 1786, 1788, 1798, 1805, 1807, 1817, 1824, 1826, 1833, 1844, 1845, 1851, 1858, 1884, 1885, 1887, 1894, 1935, 1936, 1942, 1953, 1997, 1998, 2004, 2011, 2033, 2034, 2040, 2047, 2069, 2070, 2076, 2093, 2115, 2119, 2125, 2138, 2145, 2153, 2176, 2177, 2193, 2194, 2197, 2209, 2211, 2237, 2268, 2269, 2270, 2282, 2289, 2291, 2302, 2303, 2304, 2310, 2318, 2330, 2331, 2333, 2340, 2342, 2343, 2349, 2359, 2441, 2442, 2444, 2451, 2453, 2454, 2460, 2467, 2478, 2479, 2481, 2488, 2490, 2491, 2497, 2504, 2513, 2514, 2516, 2523, 2525, 2526, 2532, 2542, 2549, 2550, 2552, 2559, 2561, 2562, 2568, 2575, 2585, 2586, 2588, 2595, 2597, 2598, 2604, 2611, 2629, 2630, 2632, 2639, 2641, 2642, 2648, 2655, 2665, 2666, 2668, 2675, 2677, 2678, 2680, 2691, 2701, 2702, 2703, 2704, 2705, 2711, 2718, 2730, 2731, 2733, 2740, 2742, 2743, 2745, 2752, 2764, 2765, 2767, 2774, 2776, 2777, 2779, 2786, 2795, 2796, 2798, 2805, 2807, 2808, 2814, 2824, 2832, 2834, 2844, 2852, 2854, 2870, 2878, 2882, 2889, 2897, 2899, 2906, 2914, 2920, 2930, 2937, 2943, 2956, 2966, 2967, 2968, 2969, 2971, 2984, 2994, 2995, 2996, 2997, 2999, 3009, 3016, 3022, 3042, 3044, 3045, 3046, 3052, 3070, 3088, 3089, 3090, 3091, 3092, 3093, 3094, 3095, 3097, 3115, 3117, 3118, 3124, 3131, 3141, 3142, 3143, 3145, 3152, 3154, 3155, 3161, 3168, 3179, 3180, 3181, 3183, 3190, 3192, 3193, 3195, 3213, 3227, 3228, 3229, 3230, 3231, 3232, 3233, 3234, 3236, 3254, 3266, 3267, 3268, 3269, 3270, 3271, 3272, 3273, 3275, 3285, 3292, 3298, 3310, 3312, 3319, 3320, 3321, 3323, 3332, 3334, 3342, 3343, 3344, 3346, 3358, 3360, 3367, 3368, 3369, 3371, 3383, 3385, 3392, 3393, 3394, 3396, 3408, 3410, 3431, 3432, 3433, 3435, 3447, 3454, 3455, 3457, 3469, 3471, 3479, 3480, 3481], "summary": {"covered_lines": 731, "num_statements": 762, "percent_covered": 94.28879310344827, "percent_covered_display": "94", "missing_lines": 31, "excluded_lines": 8, "percent_statements_covered": 95.93175853018373, "percent_statements_covered_display": "96", "num_branches": 166, "num_partial_branches": 18, "covered_branches": 144, "missing_branches": 22, "percent_branches_covered": 86.74698795180723, "percent_branches_covered_display": "87"}, "missing_lines": [115, 117, 121, 188, 194, 197, 198, 201, 207, 214, 223, 225, 231, 373, 453, 596, 601, 603, 605, 606, 607, 609, 610, 611, 612, 618, 619, 624, 667, 783, 784], "excluded_lines": [21, 22, 23, 24, 26, 712, 713, 714], "executed_branches": [[114, 116], [116, 120], [120, 122], [152, 153], [152, 155], [156, 157], [156, 164], [177, -175], [177, 178], [187, 191], [191, 192], [191, 205], [193, 195], [200, 202], [206, 209], [213, 216], [229, 233], [234, 235], [234, 238], [263, 264], [263, 266], [266, 267], [266, 269], [273, 274], [273, 281], [294, 295], [294, 343], [300, 301], [300, 343], [305, 310], [305, 320], [320, 321], [320, 343], [322, 323], [322, 326], [343, 344], [343, 359], [345, 346], [345, 359], [346, 347], [346, 349], [367, 368], [378, 379], [378, 383], [402, 403], [402, 405], [405, 406], [405, 408], [408, 409], [408, 431], [410, 411], [410, 413], [414, 415], [414, 422], [438, 439], [438, 471], [440, 441], [440, 467], [446, 457], [471, 472], [471, 476], [487, 488], [487, 492], [492, 493], [492, 494], [517, 518], [517, 520], [523, 524], [523, 556], [526, 527], [526, 536], [527, 528], [527, 534], [530, 531], [530, 532], [538, 540], [538, 546], [587, 588], [587, 591], [592, 593], [592, 594], [594, 595], [600, 602], [602, 604], [604, -598], [658, 663], [658, 666], [666, 670], [671, 672], [671, 677], [673, 674], [673, 676], [725, 726], [725, 728], [742, 743], [742, 768], [746, 747], [746, 757], [748, 749], [748, 755], [757, 758], [757, 765], [765, 766], [768, 773], [768, 775], [775, 776], [824, 825], [824, 832], [833, 834], [833, 841], [1056, 1060], [1056, 1061], [2702, 2703], [2702, 2704], [2967, 2968], [2967, 2969], [2995, 2996], [2995, 2997], [3089, 3090], [3089, 3091], [3091, 3092], [3091, 3093], [3228, 3229], [3228, 3230], [3230, 3231], [3230, 3232], [3267, 3268], [3267, 3269], [3269, 3270], [3269, 3271], [3319, -3298], [3319, 3320], [3342, -3323], [3342, 3343], [3367, -3346], [3367, 3368], [3392, -3371], [3392, 3393], [3431, -3396], [3431, 3432], [3454, -3435], [3454, 3455], [3479, -3457], [3479, 3480]], "missing_branches": [[114, 115], [116, 117], [120, 121], [187, 188], [193, 194], [200, 201], [206, 207], [213, 214], [229, 231], [367, 373], [446, 453], [594, 596], [600, 601], [602, 603], [604, 605], [606, 607], [606, 609], [610, 611], [610, 618], [666, 667], [765, 739], [775, 739]], "functions": {"UnraidClient.__init__": {"executed_lines": [113, 114, 116, 120, 122, 123, 124, 125, 126, 127, 128, 129], "summary": {"covered_lines": 12, "num_statements": 15, "percent_covered": 71.42857142857143, "percent_covered_display": "71", "missing_lines": 3, "excluded_lines": 0, "percent_statements_covered": 80.0, "percent_statements_covered_display": "80", "num_branches": 6, "num_partial_branches": 3, "covered_branches": 3, "missing_branches": 3, "percent_branches_covered": 50.0, "percent_branches_covered_display": "50"}, "missing_lines": [115, 117, 121], "excluded_lines": [], "start_line": 90, "executed_branches": [[114, 116], [116, 120], [120, 122]], "missing_branches": [[114, 115], [116, 117], [120, 121]]}, "UnraidClient.session": {"executed_lines": [134], "summary": {"covered_lines": 1, "num_statements": 1, "percent_covered": 100.0, "percent_covered_display": "100", "missing_lines": 0, "excluded_lines": 0, "percent_statements_covered": 100.0, "percent_statements_covered_display": "100", "num_branches": 0, "num_partial_branches": 0, "covered_branches": 0, "missing_branches": 0, "percent_branches_covered": 100.0, "percent_branches_covered_display": "100"}, "missing_lines": [], "excluded_lines": [], "start_line": 132, "executed_branches": [], "missing_branches": []}, "UnraidClient.__aenter__": {"executed_lines": [138, 139], "summary": {"covered_lines": 2, "num_statements": 2, "percent_covered": 100.0, "percent_covered_display": "100", "missing_lines": 0, "excluded_lines": 0, "percent_statements_covered": 100.0, "percent_statements_covered_display": "100", "num_branches": 0, "num_partial_branches": 0, "covered_branches": 0, "missing_branches": 0, "percent_branches_covered": 100.0, "percent_branches_covered_display": "100"}, "missing_lines": [], "excluded_lines": [], "start_line": 136, "executed_branches": [], "missing_branches": []}, "UnraidClient.__aexit__": {"executed_lines": [148], "summary": {"covered_lines": 1, "num_statements": 1, "percent_covered": 100.0, "percent_covered_display": "100", "missing_lines": 0, "excluded_lines": 0, "percent_statements_covered": 100.0, "percent_statements_covered_display": "100", "num_branches": 0, "num_partial_branches": 0, "covered_branches": 0, "missing_branches": 0, "percent_branches_covered": 100.0, "percent_branches_covered_display": "100"}, "missing_lines": [], "excluded_lines": [], "start_line": 141, "executed_branches": [], "missing_branches": []}, "UnraidClient._create_session": {"executed_lines": [152, 153, 155, 156, 157, 158, 164, 166, 167, 169, 173], "summary": {"covered_lines": 11, "num_statements": 11, "percent_covered": 100.0, "percent_covered_display": "100", "missing_lines": 0, "excluded_lines": 0, "percent_statements_covered": 100.0, "percent_statements_covered_display": "100", "num_branches": 4, "num_partial_branches": 0, "covered_branches": 4, "missing_branches": 0, "percent_branches_covered": 100.0, "percent_branches_covered_display": "100"}, "missing_lines": [], "excluded_lines": [], "start_line": 150, "executed_branches": [[152, 153], [152, 155], [156, 157], [156, 164]], "missing_branches": []}, "UnraidClient.close": {"executed_lines": [177, 178, 179, 180, 181, 182], "summary": {"covered_lines": 6, "num_statements": 6, "percent_covered": 100.0, "percent_covered_display": "100", "missing_lines": 0, "excluded_lines": 0, "percent_statements_covered": 100.0, "percent_statements_covered_display": "100", "num_branches": 2, "num_partial_branches": 0, "covered_branches": 2, "missing_branches": 0, "percent_branches_covered": 100.0, "percent_branches_covered_display": "100"}, "missing_lines": [], "excluded_lines": [], "start_line": 175, "executed_branches": [[177, -175], [177, 178]], "missing_branches": []}, "UnraidClient._get_clean_host": {"executed_lines": [186, 187, 191, 192, 193, 195, 196, 199, 200, 202, 205, 206, 209, 213, 216], "summary": {"covered_lines": 15, "num_statements": 22, "percent_covered": 64.70588235294117, "percent_covered_display": "65", "missing_lines": 7, "excluded_lines": 0, "percent_statements_covered": 68.18181818181819, "percent_statements_covered_display": "68", "num_branches": 12, "num_partial_branches": 5, "covered_branches": 7, "missing_branches": 5, "percent_branches_covered": 58.333333333333336, "percent_branches_covered_display": "58"}, "missing_lines": [188, 194, 197, 198, 201, 207, 214], "excluded_lines": [], "start_line": 184, "executed_branches": [[187, 191], [191, 192], [191, 205], [193, 195], [200, 202], [206, 209], [213, 216]], "missing_branches": [[187, 188], [193, 194], [200, 201], [206, 207], [213, 214]]}, "UnraidClient._sanitize_url": {"executed_lines": [221, 222, 227, 228, 229, 233, 234, 235, 238, 245], "summary": {"covered_lines": 10, "num_statements": 13, "percent_covered": 76.47058823529412, "percent_covered_display": "76", "missing_lines": 3, "excluded_lines": 0, "percent_statements_covered": 76.92307692307692, "percent_statements_covered_display": "77", "num_branches": 4, "num_partial_branches": 1, "covered_branches": 3, "missing_branches": 1, "percent_branches_covered": 75.0, "percent_branches_covered_display": "75"}, "missing_lines": [223, 225, 231], "excluded_lines": [], "start_line": 219, "executed_branches": [[229, 233], [234, 235], [234, 238]], "missing_branches": [[229, 231]]}, "UnraidClient._discover_redirect_url": {"executed_lines": [263, 264, 266, 267, 269, 273, 274, 279, 281, 285, 286, 288, 289, 292, 294, 295, 296, 300, 301, 302, 305, 310, 313, 317, 320, 321, 322, 323, 326, 336, 340, 343, 344, 345, 346, 347, 349, 350, 356, 359, 364, 366, 367, 368, 372, 374, 378, 379, 383, 385], "summary": {"covered_lines": 50, "num_statements": 51, "percent_covered": 97.40259740259741, "percent_covered_display": "97", "missing_lines": 1, "excluded_lines": 0, "percent_statements_covered": 98.03921568627452, "percent_statements_covered_display": "98", "num_branches": 26, "num_partial_branches": 1, "covered_branches": 25, "missing_branches": 1, "percent_branches_covered": 96.15384615384616, "percent_branches_covered_display": "96"}, "missing_lines": [373], "excluded_lines": [], "start_line": 247, "executed_branches": [[263, 264], [263, 266], [266, 267], [266, 269], [273, 274], [273, 281], [294, 295], [294, 343], [300, 301], [300, 343], [305, 310], [305, 320], [320, 321], [320, 343], [322, 323], [322, 326], [343, 344], [343, 359], [345, 346], [345, 359], [346, 347], [346, 349], [367, 368], [378, 379], [378, 383]], "missing_branches": [[367, 373]]}, "UnraidClient._make_request": {"executed_lines": [402, 403, 405, 406, 408, 409, 410, 411, 413, 414, 415, 416, 422, 423, 428, 429, 431, 433, 434, 438, 439, 440, 441, 442, 443, 444, 446, 457, 458, 464, 465, 466, 467, 471, 472, 476, 477, 478, 480, 481, 482, 483, 484, 485, 486, 487, 488, 492, 493, 494, 495, 496], "summary": {"covered_lines": 52, "num_statements": 53, "percent_covered": 97.33333333333333, "percent_covered_display": "97", "missing_lines": 1, "excluded_lines": 0, "percent_statements_covered": 98.11320754716981, "percent_statements_covered_display": "98", "num_branches": 22, "num_partial_branches": 1, "covered_branches": 21, "missing_branches": 1, "percent_branches_covered": 95.45454545454545, "percent_branches_covered_display": "95"}, "missing_lines": [453], "excluded_lines": [], "start_line": 387, "executed_branches": [[402, 403], [402, 405], [405, 406], [405, 408], [408, 409], [408, 431], [410, 411], [410, 413], [414, 415], [414, 422], [438, 439], [438, 471], [440, 441], [440, 467], [446, 457], [471, 472], [471, 476], [487, 488], [487, 492], [492, 493], [492, 494]], "missing_branches": [[446, 453]]}, "UnraidClient.query": {"executed_lines": [516, 517, 518, 520, 521, 523, 524, 525, 526, 527, 528, 529, 530, 531, 532, 534, 536, 538, 540, 546, 551, 556], "summary": {"covered_lines": 22, "num_statements": 22, "percent_covered": 100.0, "percent_covered_display": "100", "missing_lines": 0, "excluded_lines": 0, "percent_statements_covered": 100.0, "percent_statements_covered_display": "100", "num_branches": 12, "num_partial_branches": 0, "covered_branches": 12, "missing_branches": 0, "percent_branches_covered": 100.0, "percent_branches_covered_display": "100"}, "missing_lines": [], "excluded_lines": [], "start_line": 498, "executed_branches": [[517, 518], [517, 520], [523, 524], [523, 556], [526, 527], [526, 536], [527, 528], [527, 534], [530, 531], [530, 532], [538, 540], [538, 546]], "missing_branches": []}, "UnraidClient.mutate": {"executed_lines": [575], "summary": {"covered_lines": 1, "num_statements": 1, "percent_covered": 100.0, "percent_covered_display": "100", "missing_lines": 0, "excluded_lines": 0, "percent_statements_covered": 100.0, "percent_statements_covered_display": "100", "num_branches": 0, "num_partial_branches": 0, "covered_branches": 0, "missing_branches": 0, "percent_branches_covered": 100.0, "percent_branches_covered_display": "100"}, "missing_lines": [], "excluded_lines": [], "start_line": 558, "executed_branches": [], "missing_branches": []}, "UnraidClient._get_ws_url": {"executed_lines": [587, 588, 591, 592, 593, 594, 595], "summary": {"covered_lines": 7, "num_statements": 8, "percent_covered": 85.71428571428571, "percent_covered_display": "86", "missing_lines": 1, "excluded_lines": 0, "percent_statements_covered": 87.5, "percent_statements_covered_display": "88", "num_branches": 6, "num_partial_branches": 1, "covered_branches": 5, "missing_branches": 1, "percent_branches_covered": 83.33333333333333, "percent_branches_covered_display": "83"}, "missing_lines": [596], "excluded_lines": [], "start_line": 577, "executed_branches": [[587, 588], [587, 591], [592, 593], [592, 594], [594, 595]], "missing_branches": [[594, 596]]}, "UnraidClient._ensure_resolved_url": {"executed_lines": [600, 602, 604], "summary": {"covered_lines": 3, "num_statements": 15, "percent_covered": 24.0, "percent_covered_display": "24", "missing_lines": 12, "excluded_lines": 0, "percent_statements_covered": 20.0, "percent_statements_covered_display": "20", "num_branches": 10, "num_partial_branches": 3, "covered_branches": 3, "missing_branches": 7, "percent_branches_covered": 30.0, "percent_branches_covered_display": "30"}, "missing_lines": [601, 603, 605, 606, 607, 609, 610, 611, 612, 618, 619, 624], "excluded_lines": [], "start_line": 598, "executed_branches": [[600, 602], [602, 604], [604, -598]], "missing_branches": [[600, 601], [602, 603], [604, 605], [606, 607], [606, 609], [610, 611], [610, 618]]}, "UnraidClient._ws_connect_and_init": {"executed_lines": [632, 633, 634, 639, 640, 641, 642, 643, 644, 647, 657, 658, 663, 666, 670, 671, 672, 673, 674, 675, 676, 677], "summary": {"covered_lines": 22, "num_statements": 23, "percent_covered": 93.54838709677419, "percent_covered_display": "94", "missing_lines": 1, "excluded_lines": 0, "percent_statements_covered": 95.65217391304348, "percent_statements_covered_display": "96", "num_branches": 8, "num_partial_branches": 1, "covered_branches": 7, "missing_branches": 1, "percent_branches_covered": 87.5, "percent_branches_covered_display": "88"}, "missing_lines": [667], "excluded_lines": [], "start_line": 626, "executed_branches": [[658, 663], [658, 666], [666, 670], [671, 672], [671, 677], [673, 674], [673, 676]], "missing_branches": [[666, 667]]}, "UnraidClient.subscribe": {"executed_lines": [711, 716, 717, 719, 720, 721, 724, 725, 726, 728, 739, 740, 742, 743, 744, 746, 747, 748, 749, 750, 751, 755, 757, 758, 759, 760, 765, 766, 768, 773, 775, 776, 779, 781, 782, 785], "summary": {"covered_lines": 36, "num_statements": 38, "percent_covered": 92.5925925925926, "percent_covered_display": "93", "missing_lines": 2, "excluded_lines": 3, "percent_statements_covered": 94.73684210526316, "percent_statements_covered_display": "95", "num_branches": 16, "num_partial_branches": 2, "covered_branches": 14, "missing_branches": 2, "percent_branches_covered": 87.5, "percent_branches_covered_display": "88"}, "missing_lines": [783, 784], "excluded_lines": [712, 713, 714], "start_line": 679, "executed_branches": [[725, 726], [725, 728], [742, 743], [742, 768], [746, 747], [746, 757], [748, 749], [748, 755], [757, 758], [757, 765], [765, 766], [768, 773], [768, 775], [775, 776]], "missing_branches": [[765, 739], [775, 739]]}, "UnraidClient.test_connection": {"executed_lines": [801, 802], "summary": {"covered_lines": 2, "num_statements": 2, "percent_covered": 100.0, "percent_covered_display": "100", "missing_lines": 0, "excluded_lines": 0, "percent_statements_covered": 100.0, "percent_statements_covered_display": "100", "num_branches": 0, "num_partial_branches": 0, "covered_branches": 0, "missing_branches": 0, "percent_branches_covered": 100.0, "percent_branches_covered_display": "100"}, "missing_lines": [], "excluded_lines": [], "start_line": 791, "executed_branches": [], "missing_branches": []}, "UnraidClient.check_compatibility": {"executed_lines": [816, 818, 819, 821, 823, 824, 825, 829, 830, 832, 833, 834, 838, 839, 841], "summary": {"covered_lines": 15, "num_statements": 15, "percent_covered": 100.0, "percent_covered_display": "100", "missing_lines": 0, "excluded_lines": 0, "percent_statements_covered": 100.0, "percent_statements_covered_display": "100", "num_branches": 4, "num_partial_branches": 0, "covered_branches": 4, "missing_branches": 0, "percent_branches_covered": 100.0, "percent_branches_covered_display": "100"}, "missing_lines": [], "excluded_lines": [], "start_line": 804, "executed_branches": [[824, 825], [824, 832], [833, 834], [833, 841]], "missing_branches": []}, "UnraidClient.get_version": {"executed_lines": [850, 852, 864, 865, 866], "summary": {"covered_lines": 5, "num_statements": 5, "percent_covered": 100.0, "percent_covered_display": "100", "missing_lines": 0, "excluded_lines": 0, "percent_statements_covered": 100.0, "percent_statements_covered_display": "100", "num_branches": 0, "num_partial_branches": 0, "covered_branches": 0, "missing_branches": 0, "percent_branches_covered": 100.0, "percent_branches_covered_display": "100"}, "missing_lines": [], "excluded_lines": [], "start_line": 843, "executed_branches": [], "missing_branches": []}, "UnraidClient.get_server_info": {"executed_lines": [881, 883, 896, 897], "summary": {"covered_lines": 4, "num_statements": 4, "percent_covered": 100.0, "percent_covered_display": "100", "missing_lines": 0, "excluded_lines": 0, "percent_statements_covered": 100.0, "percent_statements_covered_display": "100", "num_branches": 0, "num_partial_branches": 0, "covered_branches": 0, "missing_branches": 0, "percent_branches_covered": 100.0, "percent_branches_covered_display": "100"}, "missing_lines": [], "excluded_lines": [], "start_line": 871, "executed_branches": [], "missing_branches": []}, "UnraidClient.get_system_metrics": {"executed_lines": [909, 911, 944, 945], "summary": {"covered_lines": 4, "num_statements": 4, "percent_covered": 100.0, "percent_covered_display": "100", "missing_lines": 0, "excluded_lines": 0, "percent_statements_covered": 100.0, "percent_statements_covered_display": "100", "num_branches": 0, "num_partial_branches": 0, "covered_branches": 0, "missing_branches": 0, "percent_branches_covered": 100.0, "percent_branches_covered_display": "100"}, "missing_lines": [], "excluded_lines": [], "start_line": 899, "executed_branches": [], "missing_branches": []}, "UnraidClient.get_temperature_metrics": {"executed_lines": [957, 959, 982, 983, 984], "summary": {"covered_lines": 5, "num_statements": 5, "percent_covered": 100.0, "percent_covered_display": "100", "missing_lines": 0, "excluded_lines": 0, "percent_statements_covered": 100.0, "percent_statements_covered_display": "100", "num_branches": 0, "num_partial_branches": 0, "covered_branches": 0, "missing_branches": 0, "percent_branches_covered": 100.0, "percent_branches_covered_display": "100"}, "missing_lines": [], "excluded_lines": [], "start_line": 947, "executed_branches": [], "missing_branches": []}, "UnraidClient.typed_get_containers": {"executed_lines": [997, 999, 1037, 1053, 1054, 1055, 1056, 1060, 1061, 1062, 1063], "summary": {"covered_lines": 11, "num_statements": 11, "percent_covered": 100.0, "percent_covered_display": "100", "missing_lines": 0, "excluded_lines": 0, "percent_statements_covered": 100.0, "percent_statements_covered_display": "100", "num_branches": 2, "num_partial_branches": 0, "covered_branches": 2, "missing_branches": 0, "percent_branches_covered": 100.0, "percent_branches_covered_display": "100"}, "missing_lines": [], "excluded_lines": [], "start_line": 986, "executed_branches": [[1056, 1060], [1056, 1061]], "missing_branches": []}, "UnraidClient.typed_get_vms": {"executed_lines": [1072, 1074, 1085, 1086, 1087], "summary": {"covered_lines": 5, "num_statements": 5, "percent_covered": 100.0, "percent_covered_display": "100", "missing_lines": 0, "excluded_lines": 0, "percent_statements_covered": 100.0, "percent_statements_covered_display": "100", "num_branches": 0, "num_partial_branches": 0, "covered_branches": 0, "missing_branches": 0, "percent_branches_covered": 100.0, "percent_branches_covered_display": "100"}, "missing_lines": [], "excluded_lines": [], "start_line": 1065, "executed_branches": [], "missing_branches": []}, "UnraidClient.typed_get_ups_devices": {"executed_lines": [1096, 1098, 1113, 1114, 1115], "summary": {"covered_lines": 5, "num_statements": 5, "percent_covered": 100.0, "percent_covered_display": "100", "missing_lines": 0, "excluded_lines": 0, "percent_statements_covered": 100.0, "percent_statements_covered_display": "100", "num_branches": 0, "num_partial_branches": 0, "covered_branches": 0, "missing_branches": 0, "percent_branches_covered": 100.0, "percent_branches_covered_display": "100"}, "missing_lines": [], "excluded_lines": [], "start_line": 1089, "executed_branches": [], "missing_branches": []}, "UnraidClient.typed_get_array": {"executed_lines": [1127, 1129, 1172, 1173, 1176, 1177, 1179], "summary": {"covered_lines": 7, "num_statements": 7, "percent_covered": 100.0, "percent_covered_display": "100", "missing_lines": 0, "excluded_lines": 0, "percent_statements_covered": 100.0, "percent_statements_covered_display": "100", "num_branches": 0, "num_partial_branches": 0, "covered_branches": 0, "missing_branches": 0, "percent_branches_covered": 100.0, "percent_branches_covered_display": "100"}, "missing_lines": [], "excluded_lines": [], "start_line": 1117, "executed_branches": [], "missing_branches": []}, "UnraidClient.typed_get_shares": {"executed_lines": [1197, 1199, 1220, 1221, 1222], "summary": {"covered_lines": 5, "num_statements": 5, "percent_covered": 100.0, "percent_covered_display": "100", "missing_lines": 0, "excluded_lines": 0, "percent_statements_covered": 100.0, "percent_statements_covered_display": "100", "num_branches": 0, "num_partial_branches": 0, "covered_branches": 0, "missing_branches": 0, "percent_branches_covered": 100.0, "percent_branches_covered_display": "100"}, "missing_lines": [], "excluded_lines": [], "start_line": 1190, "executed_branches": [], "missing_branches": []}, "UnraidClient.get_container_update_statuses": {"executed_lines": [1231, 1233, 1243, 1244, 1245], "summary": {"covered_lines": 5, "num_statements": 5, "percent_covered": 100.0, "percent_covered_display": "100", "missing_lines": 0, "excluded_lines": 0, "percent_statements_covered": 100.0, "percent_statements_covered_display": "100", "num_branches": 0, "num_partial_branches": 0, "covered_branches": 0, "missing_branches": 0, "percent_branches_covered": 100.0, "percent_branches_covered_display": "100"}, "missing_lines": [], "excluded_lines": [], "start_line": 1224, "executed_branches": [], "missing_branches": []}, "UnraidClient.get_ups_configuration": {"executed_lines": [1254, 1256, 1276, 1277, 1278], "summary": {"covered_lines": 5, "num_statements": 5, "percent_covered": 100.0, "percent_covered_display": "100", "missing_lines": 0, "excluded_lines": 0, "percent_statements_covered": 100.0, "percent_statements_covered_display": "100", "num_branches": 0, "num_partial_branches": 0, "covered_branches": 0, "missing_branches": 0, "percent_branches_covered": 100.0, "percent_branches_covered_display": "100"}, "missing_lines": [], "excluded_lines": [], "start_line": 1247, "executed_branches": [], "missing_branches": []}, "UnraidClient.get_display_settings": {"executed_lines": [1287, 1289, 1311, 1312, 1313], "summary": {"covered_lines": 5, "num_statements": 5, "percent_covered": 100.0, "percent_covered_display": "100", "missing_lines": 0, "excluded_lines": 0, "percent_statements_covered": 100.0, "percent_statements_covered_display": "100", "num_branches": 0, "num_partial_branches": 0, "covered_branches": 0, "missing_branches": 0, "percent_branches_covered": 100.0, "percent_branches_covered_display": "100"}, "missing_lines": [], "excluded_lines": [], "start_line": 1280, "executed_branches": [], "missing_branches": []}, "UnraidClient.get_docker_port_conflicts": {"executed_lines": [1322, 1324, 1335, 1336, 1337], "summary": {"covered_lines": 5, "num_statements": 5, "percent_covered": 100.0, "percent_covered_display": "100", "missing_lines": 0, "excluded_lines": 0, "percent_statements_covered": 100.0, "percent_statements_covered_display": "100", "num_branches": 0, "num_partial_branches": 0, "covered_branches": 0, "missing_branches": 0, "percent_branches_covered": 100.0, "percent_branches_covered_display": "100"}, "missing_lines": [], "excluded_lines": [], "start_line": 1315, "executed_branches": [], "missing_branches": []}, "UnraidClient.get_notification_overview": {"executed_lines": [1349, 1351, 1361, 1362, 1363], "summary": {"covered_lines": 5, "num_statements": 5, "percent_covered": 100.0, "percent_covered_display": "100", "missing_lines": 0, "excluded_lines": 0, "percent_statements_covered": 100.0, "percent_statements_covered_display": "100", "num_branches": 0, "num_partial_branches": 0, "covered_branches": 0, "missing_branches": 0, "percent_branches_covered": 100.0, "percent_branches_covered_display": "100"}, "missing_lines": [], "excluded_lines": [], "start_line": 1339, "executed_branches": [], "missing_branches": []}, "UnraidClient.start_container": {"executed_lines": [1379, 1390], "summary": {"covered_lines": 2, "num_statements": 2, "percent_covered": 100.0, "percent_covered_display": "100", "missing_lines": 0, "excluded_lines": 0, "percent_statements_covered": 100.0, "percent_statements_covered_display": "100", "num_branches": 0, "num_partial_branches": 0, "covered_branches": 0, "missing_branches": 0, "percent_branches_covered": 100.0, "percent_branches_covered_display": "100"}, "missing_lines": [], "excluded_lines": [], "start_line": 1369, "executed_branches": [], "missing_branches": []}, "UnraidClient.stop_container": {"executed_lines": [1402, 1413], "summary": {"covered_lines": 2, "num_statements": 2, "percent_covered": 100.0, "percent_covered_display": "100", "missing_lines": 0, "excluded_lines": 0, "percent_statements_covered": 100.0, "percent_statements_covered_display": "100", "num_branches": 0, "num_partial_branches": 0, "covered_branches": 0, "missing_branches": 0, "percent_branches_covered": 100.0, "percent_branches_covered_display": "100"}, "missing_lines": [], "excluded_lines": [], "start_line": 1392, "executed_branches": [], "missing_branches": []}, "UnraidClient.start_vm": {"executed_lines": [1429, 1436], "summary": {"covered_lines": 2, "num_statements": 2, "percent_covered": 100.0, "percent_covered_display": "100", "missing_lines": 0, "excluded_lines": 0, "percent_statements_covered": 100.0, "percent_statements_covered_display": "100", "num_branches": 0, "num_partial_branches": 0, "covered_branches": 0, "missing_branches": 0, "percent_branches_covered": 100.0, "percent_branches_covered_display": "100"}, "missing_lines": [], "excluded_lines": [], "start_line": 1419, "executed_branches": [], "missing_branches": []}, "UnraidClient.stop_vm": {"executed_lines": [1448, 1455], "summary": {"covered_lines": 2, "num_statements": 2, "percent_covered": 100.0, "percent_covered_display": "100", "missing_lines": 0, "excluded_lines": 0, "percent_statements_covered": 100.0, "percent_statements_covered_display": "100", "num_branches": 0, "num_partial_branches": 0, "covered_branches": 0, "missing_branches": 0, "percent_branches_covered": 100.0, "percent_branches_covered_display": "100"}, "missing_lines": [], "excluded_lines": [], "start_line": 1438, "executed_branches": [], "missing_branches": []}, "UnraidClient.start_array": {"executed_lines": [1470, 1480], "summary": {"covered_lines": 2, "num_statements": 2, "percent_covered": 100.0, "percent_covered_display": "100", "missing_lines": 0, "excluded_lines": 0, "percent_statements_covered": 100.0, "percent_statements_covered_display": "100", "num_branches": 0, "num_partial_branches": 0, "covered_branches": 0, "missing_branches": 0, "percent_branches_covered": 100.0, "percent_branches_covered_display": "100"}, "missing_lines": [], "excluded_lines": [], "start_line": 1461, "executed_branches": [], "missing_branches": []}, "UnraidClient.stop_array": {"executed_lines": [1492, 1502], "summary": {"covered_lines": 2, "num_statements": 2, "percent_covered": 100.0, "percent_covered_display": "100", "missing_lines": 0, "excluded_lines": 0, "percent_statements_covered": 100.0, "percent_statements_covered_display": "100", "num_branches": 0, "num_partial_branches": 0, "covered_branches": 0, "missing_branches": 0, "percent_branches_covered": 100.0, "percent_branches_covered_display": "100"}, "missing_lines": [], "excluded_lines": [], "start_line": 1482, "executed_branches": [], "missing_branches": []}, "UnraidClient.start_parity_check": {"executed_lines": [1518, 1525], "summary": {"covered_lines": 2, "num_statements": 2, "percent_covered": 100.0, "percent_covered_display": "100", "missing_lines": 0, "excluded_lines": 0, "percent_statements_covered": 100.0, "percent_statements_covered_display": "100", "num_branches": 0, "num_partial_branches": 0, "covered_branches": 0, "missing_branches": 0, "percent_branches_covered": 100.0, "percent_branches_covered_display": "100"}, "missing_lines": [], "excluded_lines": [], "start_line": 1508, "executed_branches": [], "missing_branches": []}, "UnraidClient.pause_parity_check": {"executed_lines": [1534, 1541], "summary": {"covered_lines": 2, "num_statements": 2, "percent_covered": 100.0, "percent_covered_display": "100", "missing_lines": 0, "excluded_lines": 0, "percent_statements_covered": 100.0, "percent_statements_covered_display": "100", "num_branches": 0, "num_partial_branches": 0, "covered_branches": 0, "missing_branches": 0, "percent_branches_covered": 100.0, "percent_branches_covered_display": "100"}, "missing_lines": [], "excluded_lines": [], "start_line": 1527, "executed_branches": [], "missing_branches": []}, "UnraidClient.resume_parity_check": {"executed_lines": [1550, 1557], "summary": {"covered_lines": 2, "num_statements": 2, "percent_covered": 100.0, "percent_covered_display": "100", "missing_lines": 0, "excluded_lines": 0, "percent_statements_covered": 100.0, "percent_statements_covered_display": "100", "num_branches": 0, "num_partial_branches": 0, "covered_branches": 0, "missing_branches": 0, "percent_branches_covered": 100.0, "percent_branches_covered_display": "100"}, "missing_lines": [], "excluded_lines": [], "start_line": 1543, "executed_branches": [], "missing_branches": []}, "UnraidClient.cancel_parity_check": {"executed_lines": [1566, 1573], "summary": {"covered_lines": 2, "num_statements": 2, "percent_covered": 100.0, "percent_covered_display": "100", "missing_lines": 0, "excluded_lines": 0, "percent_statements_covered": 100.0, "percent_statements_covered_display": "100", "num_branches": 0, "num_partial_branches": 0, "covered_branches": 0, "missing_branches": 0, "percent_branches_covered": 100.0, "percent_branches_covered_display": "100"}, "missing_lines": [], "excluded_lines": [], "start_line": 1559, "executed_branches": [], "missing_branches": []}, "UnraidClient.spin_up_disk": {"executed_lines": [1589, 1599], "summary": {"covered_lines": 2, "num_statements": 2, "percent_covered": 100.0, "percent_covered_display": "100", "missing_lines": 0, "excluded_lines": 0, "percent_statements_covered": 100.0, "percent_statements_covered_display": "100", "num_branches": 0, "num_partial_branches": 0, "covered_branches": 0, "missing_branches": 0, "percent_branches_covered": 100.0, "percent_branches_covered_display": "100"}, "missing_lines": [], "excluded_lines": [], "start_line": 1579, "executed_branches": [], "missing_branches": []}, "UnraidClient.spin_down_disk": {"executed_lines": [1611, 1621], "summary": {"covered_lines": 2, "num_statements": 2, "percent_covered": 100.0, "percent_covered_display": "100", "missing_lines": 0, "excluded_lines": 0, "percent_statements_covered": 100.0, "percent_statements_covered_display": "100", "num_branches": 0, "num_partial_branches": 0, "covered_branches": 0, "missing_branches": 0, "percent_branches_covered": 100.0, "percent_branches_covered_display": "100"}, "missing_lines": [], "excluded_lines": [], "start_line": 1601, "executed_branches": [], "missing_branches": []}, "UnraidClient.pause_container": {"executed_lines": [1637, 1648], "summary": {"covered_lines": 2, "num_statements": 2, "percent_covered": 100.0, "percent_covered_display": "100", "missing_lines": 0, "excluded_lines": 0, "percent_statements_covered": 100.0, "percent_statements_covered_display": "100", "num_branches": 0, "num_partial_branches": 0, "covered_branches": 0, "missing_branches": 0, "percent_branches_covered": 100.0, "percent_branches_covered_display": "100"}, "missing_lines": [], "excluded_lines": [], "start_line": 1627, "executed_branches": [], "missing_branches": []}, "UnraidClient.unpause_container": {"executed_lines": [1660, 1671], "summary": {"covered_lines": 2, "num_statements": 2, "percent_covered": 100.0, "percent_covered_display": "100", "missing_lines": 0, "excluded_lines": 0, "percent_statements_covered": 100.0, "percent_statements_covered_display": "100", "num_branches": 0, "num_partial_branches": 0, "covered_branches": 0, "missing_branches": 0, "percent_branches_covered": 100.0, "percent_branches_covered_display": "100"}, "missing_lines": [], "excluded_lines": [], "start_line": 1650, "executed_branches": [], "missing_branches": []}, "UnraidClient.update_container": {"executed_lines": [1683, 1695], "summary": {"covered_lines": 2, "num_statements": 2, "percent_covered": 100.0, "percent_covered_display": "100", "missing_lines": 0, "excluded_lines": 0, "percent_statements_covered": 100.0, "percent_statements_covered_display": "100", "num_branches": 0, "num_partial_branches": 0, "covered_branches": 0, "missing_branches": 0, "percent_branches_covered": 100.0, "percent_branches_covered_display": "100"}, "missing_lines": [], "excluded_lines": [], "start_line": 1673, "executed_branches": [], "missing_branches": []}, "UnraidClient.get_containers": {"executed_lines": [1705, 1743, 1744], "summary": {"covered_lines": 3, "num_statements": 3, "percent_covered": 100.0, "percent_covered_display": "100", "missing_lines": 0, "excluded_lines": 0, "percent_statements_covered": 100.0, "percent_statements_covered_display": "100", "num_branches": 0, "num_partial_branches": 0, "covered_branches": 0, "missing_branches": 0, "percent_branches_covered": 100.0, "percent_branches_covered_display": "100"}, "missing_lines": [], "excluded_lines": [], "start_line": 1697, "executed_branches": [], "missing_branches": []}, "UnraidClient.pause_vm": {"executed_lines": [1760, 1767], "summary": {"covered_lines": 2, "num_statements": 2, "percent_covered": 100.0, "percent_covered_display": "100", "missing_lines": 0, "excluded_lines": 0, "percent_statements_covered": 100.0, "percent_statements_covered_display": "100", "num_branches": 0, "num_partial_branches": 0, "covered_branches": 0, "missing_branches": 0, "percent_branches_covered": 100.0, "percent_branches_covered_display": "100"}, "missing_lines": [], "excluded_lines": [], "start_line": 1750, "executed_branches": [], "missing_branches": []}, "UnraidClient.resume_vm": {"executed_lines": [1779, 1786], "summary": {"covered_lines": 2, "num_statements": 2, "percent_covered": 100.0, "percent_covered_display": "100", "missing_lines": 0, "excluded_lines": 0, "percent_statements_covered": 100.0, "percent_statements_covered_display": "100", "num_branches": 0, "num_partial_branches": 0, "covered_branches": 0, "missing_branches": 0, "percent_branches_covered": 100.0, "percent_branches_covered_display": "100"}, "missing_lines": [], "excluded_lines": [], "start_line": 1769, "executed_branches": [], "missing_branches": []}, "UnraidClient.force_stop_vm": {"executed_lines": [1798, 1805], "summary": {"covered_lines": 2, "num_statements": 2, "percent_covered": 100.0, "percent_covered_display": "100", "missing_lines": 0, "excluded_lines": 0, "percent_statements_covered": 100.0, "percent_statements_covered_display": "100", "num_branches": 0, "num_partial_branches": 0, "covered_branches": 0, "missing_branches": 0, "percent_branches_covered": 100.0, "percent_branches_covered_display": "100"}, "missing_lines": [], "excluded_lines": [], "start_line": 1788, "executed_branches": [], "missing_branches": []}, "UnraidClient.reboot_vm": {"executed_lines": [1817, 1824], "summary": {"covered_lines": 2, "num_statements": 2, "percent_covered": 100.0, "percent_covered_display": "100", "missing_lines": 0, "excluded_lines": 0, "percent_statements_covered": 100.0, "percent_statements_covered_display": "100", "num_branches": 0, "num_partial_branches": 0, "covered_branches": 0, "missing_branches": 0, "percent_branches_covered": 100.0, "percent_branches_covered_display": "100"}, "missing_lines": [], "excluded_lines": [], "start_line": 1807, "executed_branches": [], "missing_branches": []}, "UnraidClient.get_vms": {"executed_lines": [1833, 1844, 1845], "summary": {"covered_lines": 3, "num_statements": 3, "percent_covered": 100.0, "percent_covered_display": "100", "missing_lines": 0, "excluded_lines": 0, "percent_statements_covered": 100.0, "percent_statements_covered_display": "100", "num_branches": 0, "num_partial_branches": 0, "covered_branches": 0, "missing_branches": 0, "percent_branches_covered": 100.0, "percent_branches_covered_display": "100"}, "missing_lines": [], "excluded_lines": [], "start_line": 1826, "executed_branches": [], "missing_branches": []}, "UnraidClient.get_metrics": {"executed_lines": [1858, 1884, 1885], "summary": {"covered_lines": 3, "num_statements": 3, "percent_covered": 100.0, "percent_covered_display": "100", "missing_lines": 0, "excluded_lines": 0, "percent_statements_covered": 100.0, "percent_statements_covered_display": "100", "num_branches": 0, "num_partial_branches": 0, "covered_branches": 0, "missing_branches": 0, "percent_branches_covered": 100.0, "percent_branches_covered_display": "100"}, "missing_lines": [], "excluded_lines": [], "start_line": 1851, "executed_branches": [], "missing_branches": []}, "UnraidClient.get_system_info": {"executed_lines": [1894, 1935, 1936], "summary": {"covered_lines": 3, "num_statements": 3, "percent_covered": 100.0, "percent_covered_display": "100", "missing_lines": 0, "excluded_lines": 0, "percent_statements_covered": 100.0, "percent_statements_covered_display": "100", "num_branches": 0, "num_partial_branches": 0, "covered_branches": 0, "missing_branches": 0, "percent_branches_covered": 100.0, "percent_branches_covered_display": "100"}, "missing_lines": [], "excluded_lines": [], "start_line": 1887, "executed_branches": [], "missing_branches": []}, "UnraidClient.get_array_status": {"executed_lines": [1953, 1997, 1998], "summary": {"covered_lines": 3, "num_statements": 3, "percent_covered": 100.0, "percent_covered_display": "100", "missing_lines": 0, "excluded_lines": 0, "percent_statements_covered": 100.0, "percent_statements_covered_display": "100", "num_branches": 0, "num_partial_branches": 0, "covered_branches": 0, "missing_branches": 0, "percent_branches_covered": 100.0, "percent_branches_covered_display": "100"}, "missing_lines": [], "excluded_lines": [], "start_line": 1942, "executed_branches": [], "missing_branches": []}, "UnraidClient.get_shares": {"executed_lines": [2011, 2033, 2034], "summary": {"covered_lines": 3, "num_statements": 3, "percent_covered": 100.0, "percent_covered_display": "100", "missing_lines": 0, "excluded_lines": 0, "percent_statements_covered": 100.0, "percent_statements_covered_display": "100", "num_branches": 0, "num_partial_branches": 0, "covered_branches": 0, "missing_branches": 0, "percent_branches_covered": 100.0, "percent_branches_covered_display": "100"}, "missing_lines": [], "excluded_lines": [], "start_line": 2004, "executed_branches": [], "missing_branches": []}, "UnraidClient.get_ups_status": {"executed_lines": [2047, 2069, 2070], "summary": {"covered_lines": 3, "num_statements": 3, "percent_covered": 100.0, "percent_covered_display": "100", "missing_lines": 0, "excluded_lines": 0, "percent_statements_covered": 100.0, "percent_statements_covered_display": "100", "num_branches": 0, "num_partial_branches": 0, "covered_branches": 0, "missing_branches": 0, "percent_branches_covered": 100.0, "percent_branches_covered_display": "100"}, "missing_lines": [], "excluded_lines": [], "start_line": 2040, "executed_branches": [], "missing_branches": []}, "UnraidClient.get_notifications": {"executed_lines": [2093, 2115, 2119], "summary": {"covered_lines": 3, "num_statements": 3, "percent_covered": 100.0, "percent_covered_display": "100", "missing_lines": 0, "excluded_lines": 0, "percent_statements_covered": 100.0, "percent_statements_covered_display": "100", "num_branches": 0, "num_partial_branches": 0, "covered_branches": 0, "missing_branches": 0, "percent_branches_covered": 100.0, "percent_branches_covered_display": "100"}, "missing_lines": [], "excluded_lines": [], "start_line": 2076, "executed_branches": [], "missing_branches": []}, "UnraidClient.remove_container": {"executed_lines": [2138, 2145], "summary": {"covered_lines": 2, "num_statements": 2, "percent_covered": 100.0, "percent_covered_display": "100", "missing_lines": 0, "excluded_lines": 0, "percent_statements_covered": 100.0, "percent_statements_covered_display": "100", "num_branches": 0, "num_partial_branches": 0, "covered_branches": 0, "missing_branches": 0, "percent_branches_covered": 100.0, "percent_branches_covered_display": "100"}, "missing_lines": [], "excluded_lines": [], "start_line": 2125, "executed_branches": [], "missing_branches": []}, "UnraidClient.get_physical_disks": {"executed_lines": [2176, 2177, 2193, 2194], "summary": {"covered_lines": 4, "num_statements": 4, "percent_covered": 100.0, "percent_covered_display": "100", "missing_lines": 0, "excluded_lines": 0, "percent_statements_covered": 100.0, "percent_statements_covered_display": "100", "num_branches": 0, "num_partial_branches": 0, "covered_branches": 0, "missing_branches": 0, "percent_branches_covered": 100.0, "percent_branches_covered_display": "100"}, "missing_lines": [], "excluded_lines": [], "start_line": 2153, "executed_branches": [], "missing_branches": []}, "UnraidClient.get_disks": {"executed_lines": [2209], "summary": {"covered_lines": 1, "num_statements": 1, "percent_covered": 100.0, "percent_covered_display": "100", "missing_lines": 0, "excluded_lines": 0, "percent_statements_covered": 100.0, "percent_statements_covered_display": "100", "num_branches": 0, "num_partial_branches": 0, "covered_branches": 0, "missing_branches": 0, "percent_branches_covered": 100.0, "percent_branches_covered_display": "100"}, "missing_lines": [], "excluded_lines": [], "start_line": 2197, "executed_branches": [], "missing_branches": []}, "UnraidClient.get_array_disks": {"executed_lines": [2237, 2268, 2269, 2270], "summary": {"covered_lines": 4, "num_statements": 4, "percent_covered": 100.0, "percent_covered_display": "100", "missing_lines": 0, "excluded_lines": 0, "percent_statements_covered": 100.0, "percent_statements_covered_display": "100", "num_branches": 0, "num_partial_branches": 0, "covered_branches": 0, "missing_branches": 0, "percent_branches_covered": 100.0, "percent_branches_covered_display": "100"}, "missing_lines": [], "excluded_lines": [], "start_line": 2211, "executed_branches": [], "missing_branches": []}, "UnraidClient.get_parity_history": {"executed_lines": [2289, 2291, 2302, 2303, 2304], "summary": {"covered_lines": 5, "num_statements": 5, "percent_covered": 100.0, "percent_covered_display": "100", "missing_lines": 0, "excluded_lines": 0, "percent_statements_covered": 100.0, "percent_statements_covered_display": "100", "num_branches": 0, "num_partial_branches": 0, "covered_branches": 0, "missing_branches": 0, "percent_branches_covered": 100.0, "percent_branches_covered_display": "100"}, "missing_lines": [], "excluded_lines": [], "start_line": 2282, "executed_branches": [], "missing_branches": []}, "UnraidClient.get_registration": {"executed_lines": [2318, 2330, 2331], "summary": {"covered_lines": 3, "num_statements": 3, "percent_covered": 100.0, "percent_covered_display": "100", "missing_lines": 0, "excluded_lines": 0, "percent_statements_covered": 100.0, "percent_statements_covered_display": "100", "num_branches": 0, "num_partial_branches": 0, "covered_branches": 0, "missing_branches": 0, "percent_branches_covered": 100.0, "percent_branches_covered_display": "100"}, "missing_lines": [], "excluded_lines": [], "start_line": 2310, "executed_branches": [], "missing_branches": []}, "UnraidClient.typed_get_registration": {"executed_lines": [2340, 2342, 2343], "summary": {"covered_lines": 3, "num_statements": 3, "percent_covered": 100.0, "percent_covered_display": "100", "missing_lines": 0, "excluded_lines": 0, "percent_statements_covered": 100.0, "percent_statements_covered_display": "100", "num_branches": 0, "num_partial_branches": 0, "covered_branches": 0, "missing_branches": 0, "percent_branches_covered": 100.0, "percent_branches_covered_display": "100"}, "missing_lines": [], "excluded_lines": [], "start_line": 2333, "executed_branches": [], "missing_branches": []}, "UnraidClient.get_vars": {"executed_lines": [2359, 2441, 2442], "summary": {"covered_lines": 3, "num_statements": 3, "percent_covered": 100.0, "percent_covered_display": "100", "missing_lines": 0, "excluded_lines": 0, "percent_statements_covered": 100.0, "percent_statements_covered_display": "100", "num_branches": 0, "num_partial_branches": 0, "covered_branches": 0, "missing_branches": 0, "percent_branches_covered": 100.0, "percent_branches_covered_display": "100"}, "missing_lines": [], "excluded_lines": [], "start_line": 2349, "executed_branches": [], "missing_branches": []}, "UnraidClient.typed_get_vars": {"executed_lines": [2451, 2453, 2454], "summary": {"covered_lines": 3, "num_statements": 3, "percent_covered": 100.0, "percent_covered_display": "100", "missing_lines": 0, "excluded_lines": 0, "percent_statements_covered": 100.0, "percent_statements_covered_display": "100", "num_branches": 0, "num_partial_branches": 0, "covered_branches": 0, "missing_branches": 0, "percent_branches_covered": 100.0, "percent_branches_covered_display": "100"}, "missing_lines": [], "excluded_lines": [], "start_line": 2444, "executed_branches": [], "missing_branches": []}, "UnraidClient.get_services": {"executed_lines": [2467, 2478, 2479], "summary": {"covered_lines": 3, "num_statements": 3, "percent_covered": 100.0, "percent_covered_display": "100", "missing_lines": 0, "excluded_lines": 0, "percent_statements_covered": 100.0, "percent_statements_covered_display": "100", "num_branches": 0, "num_partial_branches": 0, "covered_branches": 0, "missing_branches": 0, "percent_branches_covered": 100.0, "percent_branches_covered_display": "100"}, "missing_lines": [], "excluded_lines": [], "start_line": 2460, "executed_branches": [], "missing_branches": []}, "UnraidClient.typed_get_services": {"executed_lines": [2488, 2490, 2491], "summary": {"covered_lines": 3, "num_statements": 3, "percent_covered": 100.0, "percent_covered_display": "100", "missing_lines": 0, "excluded_lines": 0, "percent_statements_covered": 100.0, "percent_statements_covered_display": "100", "num_branches": 0, "num_partial_branches": 0, "covered_branches": 0, "missing_branches": 0, "percent_branches_covered": 100.0, "percent_branches_covered_display": "100"}, "missing_lines": [], "excluded_lines": [], "start_line": 2481, "executed_branches": [], "missing_branches": []}, "UnraidClient.get_flash": {"executed_lines": [2504, 2513, 2514], "summary": {"covered_lines": 3, "num_statements": 3, "percent_covered": 100.0, "percent_covered_display": "100", "missing_lines": 0, "excluded_lines": 0, "percent_statements_covered": 100.0, "percent_statements_covered_display": "100", "num_branches": 0, "num_partial_branches": 0, "covered_branches": 0, "missing_branches": 0, "percent_branches_covered": 100.0, "percent_branches_covered_display": "100"}, "missing_lines": [], "excluded_lines": [], "start_line": 2497, "executed_branches": [], "missing_branches": []}, "UnraidClient.typed_get_flash": {"executed_lines": [2523, 2525, 2526], "summary": {"covered_lines": 3, "num_statements": 3, "percent_covered": 100.0, "percent_covered_display": "100", "missing_lines": 0, "excluded_lines": 0, "percent_statements_covered": 100.0, "percent_statements_covered_display": "100", "num_branches": 0, "num_partial_branches": 0, "covered_branches": 0, "missing_branches": 0, "percent_branches_covered": 100.0, "percent_branches_covered_display": "100"}, "missing_lines": [], "excluded_lines": [], "start_line": 2516, "executed_branches": [], "missing_branches": []}, "UnraidClient.get_owner": {"executed_lines": [2542, 2549, 2550], "summary": {"covered_lines": 3, "num_statements": 3, "percent_covered": 100.0, "percent_covered_display": "100", "missing_lines": 0, "excluded_lines": 0, "percent_statements_covered": 100.0, "percent_statements_covered_display": "100", "num_branches": 0, "num_partial_branches": 0, "covered_branches": 0, "missing_branches": 0, "percent_branches_covered": 100.0, "percent_branches_covered_display": "100"}, "missing_lines": [], "excluded_lines": [], "start_line": 2532, "executed_branches": [], "missing_branches": []}, "UnraidClient.typed_get_owner": {"executed_lines": [2559, 2561, 2562], "summary": {"covered_lines": 3, "num_statements": 3, "percent_covered": 100.0, "percent_covered_display": "100", "missing_lines": 0, "excluded_lines": 0, "percent_statements_covered": 100.0, "percent_statements_covered_display": "100", "num_branches": 0, "num_partial_branches": 0, "covered_branches": 0, "missing_branches": 0, "percent_branches_covered": 100.0, "percent_branches_covered_display": "100"}, "missing_lines": [], "excluded_lines": [], "start_line": 2552, "executed_branches": [], "missing_branches": []}, "UnraidClient.get_plugins": {"executed_lines": [2575, 2585, 2586], "summary": {"covered_lines": 3, "num_statements": 3, "percent_covered": 100.0, "percent_covered_display": "100", "missing_lines": 0, "excluded_lines": 0, "percent_statements_covered": 100.0, "percent_statements_covered_display": "100", "num_branches": 0, "num_partial_branches": 0, "covered_branches": 0, "missing_branches": 0, "percent_branches_covered": 100.0, "percent_branches_covered_display": "100"}, "missing_lines": [], "excluded_lines": [], "start_line": 2568, "executed_branches": [], "missing_branches": []}, "UnraidClient.typed_get_plugins": {"executed_lines": [2595, 2597, 2598], "summary": {"covered_lines": 3, "num_statements": 3, "percent_covered": 100.0, "percent_covered_display": "100", "missing_lines": 0, "excluded_lines": 0, "percent_statements_covered": 100.0, "percent_statements_covered_display": "100", "num_branches": 0, "num_partial_branches": 0, "covered_branches": 0, "missing_branches": 0, "percent_branches_covered": 100.0, "percent_branches_covered_display": "100"}, "missing_lines": [], "excluded_lines": [], "start_line": 2588, "executed_branches": [], "missing_branches": []}, "UnraidClient.get_docker_networks": {"executed_lines": [2611, 2629, 2630], "summary": {"covered_lines": 3, "num_statements": 3, "percent_covered": 100.0, "percent_covered_display": "100", "missing_lines": 0, "excluded_lines": 0, "percent_statements_covered": 100.0, "percent_statements_covered_display": "100", "num_branches": 0, "num_partial_branches": 0, "covered_branches": 0, "missing_branches": 0, "percent_branches_covered": 100.0, "percent_branches_covered_display": "100"}, "missing_lines": [], "excluded_lines": [], "start_line": 2604, "executed_branches": [], "missing_branches": []}, "UnraidClient.typed_get_docker_networks": {"executed_lines": [2639, 2641, 2642], "summary": {"covered_lines": 3, "num_statements": 3, "percent_covered": 100.0, "percent_covered_display": "100", "missing_lines": 0, "excluded_lines": 0, "percent_statements_covered": 100.0, "percent_statements_covered_display": "100", "num_branches": 0, "num_partial_branches": 0, "covered_branches": 0, "missing_branches": 0, "percent_branches_covered": 100.0, "percent_branches_covered_display": "100"}, "missing_lines": [], "excluded_lines": [], "start_line": 2632, "executed_branches": [], "missing_branches": []}, "UnraidClient.get_log_files": {"executed_lines": [2655, 2665, 2666], "summary": {"covered_lines": 3, "num_statements": 3, "percent_covered": 100.0, "percent_covered_display": "100", "missing_lines": 0, "excluded_lines": 0, "percent_statements_covered": 100.0, "percent_statements_covered_display": "100", "num_branches": 0, "num_partial_branches": 0, "covered_branches": 0, "missing_branches": 0, "percent_branches_covered": 100.0, "percent_branches_covered_display": "100"}, "missing_lines": [], "excluded_lines": [], "start_line": 2648, "executed_branches": [], "missing_branches": []}, "UnraidClient.typed_get_log_files": {"executed_lines": [2675, 2677, 2678], "summary": {"covered_lines": 3, "num_statements": 3, "percent_covered": 100.0, "percent_covered_display": "100", "missing_lines": 0, "excluded_lines": 0, "percent_statements_covered": 100.0, "percent_statements_covered_display": "100", "num_branches": 0, "num_partial_branches": 0, "covered_branches": 0, "missing_branches": 0, "percent_branches_covered": 100.0, "percent_branches_covered_display": "100"}, "missing_lines": [], "excluded_lines": [], "start_line": 2668, "executed_branches": [], "missing_branches": []}, "UnraidClient.get_log_file": {"executed_lines": [2691, 2701, 2702, 2703, 2704, 2705], "summary": {"covered_lines": 6, "num_statements": 6, "percent_covered": 100.0, "percent_covered_display": "100", "missing_lines": 0, "excluded_lines": 0, "percent_statements_covered": 100.0, "percent_statements_covered_display": "100", "num_branches": 2, "num_partial_branches": 0, "covered_branches": 2, "missing_branches": 0, "percent_branches_covered": 100.0, "percent_branches_covered_display": "100"}, "missing_lines": [], "excluded_lines": [], "start_line": 2680, "executed_branches": [[2702, 2703], [2702, 2704]], "missing_branches": []}, "UnraidClient.get_cloud": {"executed_lines": [2718, 2730, 2731], "summary": {"covered_lines": 3, "num_statements": 3, "percent_covered": 100.0, "percent_covered_display": "100", "missing_lines": 0, "excluded_lines": 0, "percent_statements_covered": 100.0, "percent_statements_covered_display": "100", "num_branches": 0, "num_partial_branches": 0, "covered_branches": 0, "missing_branches": 0, "percent_branches_covered": 100.0, "percent_branches_covered_display": "100"}, "missing_lines": [], "excluded_lines": [], "start_line": 2711, "executed_branches": [], "missing_branches": []}, "UnraidClient.typed_get_cloud": {"executed_lines": [2740, 2742, 2743], "summary": {"covered_lines": 3, "num_statements": 3, "percent_covered": 100.0, "percent_covered_display": "100", "missing_lines": 0, "excluded_lines": 0, "percent_statements_covered": 100.0, "percent_statements_covered_display": "100", "num_branches": 0, "num_partial_branches": 0, "covered_branches": 0, "missing_branches": 0, "percent_branches_covered": 100.0, "percent_branches_covered_display": "100"}, "missing_lines": [], "excluded_lines": [], "start_line": 2733, "executed_branches": [], "missing_branches": []}, "UnraidClient.get_connect": {"executed_lines": [2752, 2764, 2765], "summary": {"covered_lines": 3, "num_statements": 3, "percent_covered": 100.0, "percent_covered_display": "100", "missing_lines": 0, "excluded_lines": 0, "percent_statements_covered": 100.0, "percent_statements_covered_display": "100", "num_branches": 0, "num_partial_branches": 0, "covered_branches": 0, "missing_branches": 0, "percent_branches_covered": 100.0, "percent_branches_covered_display": "100"}, "missing_lines": [], "excluded_lines": [], "start_line": 2745, "executed_branches": [], "missing_branches": []}, "UnraidClient.typed_get_connect": {"executed_lines": [2774, 2776, 2777], "summary": {"covered_lines": 3, "num_statements": 3, "percent_covered": 100.0, "percent_covered_display": "100", "missing_lines": 0, "excluded_lines": 0, "percent_statements_covered": 100.0, "percent_statements_covered_display": "100", "num_branches": 0, "num_partial_branches": 0, "covered_branches": 0, "missing_branches": 0, "percent_branches_covered": 100.0, "percent_branches_covered_display": "100"}, "missing_lines": [], "excluded_lines": [], "start_line": 2767, "executed_branches": [], "missing_branches": []}, "UnraidClient.get_remote_access": {"executed_lines": [2786, 2795, 2796], "summary": {"covered_lines": 3, "num_statements": 3, "percent_covered": 100.0, "percent_covered_display": "100", "missing_lines": 0, "excluded_lines": 0, "percent_statements_covered": 100.0, "percent_statements_covered_display": "100", "num_branches": 0, "num_partial_branches": 0, "covered_branches": 0, "missing_branches": 0, "percent_branches_covered": 100.0, "percent_branches_covered_display": "100"}, "missing_lines": [], "excluded_lines": [], "start_line": 2779, "executed_branches": [], "missing_branches": []}, "UnraidClient.typed_get_remote_access": {"executed_lines": [2805, 2807, 2808], "summary": {"covered_lines": 3, "num_statements": 3, "percent_covered": 100.0, "percent_covered_display": "100", "missing_lines": 0, "excluded_lines": 0, "percent_statements_covered": 100.0, "percent_statements_covered_display": "100", "num_branches": 0, "num_partial_branches": 0, "covered_branches": 0, "missing_branches": 0, "percent_branches_covered": 100.0, "percent_branches_covered_display": "100"}, "missing_lines": [], "excluded_lines": [], "start_line": 2798, "executed_branches": [], "missing_branches": []}, "UnraidClient.archive_notification": {"executed_lines": [2824, 2832], "summary": {"covered_lines": 2, "num_statements": 2, "percent_covered": 100.0, "percent_covered_display": "100", "missing_lines": 0, "excluded_lines": 0, "percent_statements_covered": 100.0, "percent_statements_covered_display": "100", "num_branches": 0, "num_partial_branches": 0, "covered_branches": 0, "missing_branches": 0, "percent_branches_covered": 100.0, "percent_branches_covered_display": "100"}, "missing_lines": [], "excluded_lines": [], "start_line": 2814, "executed_branches": [], "missing_branches": []}, "UnraidClient.unarchive_notification": {"executed_lines": [2844, 2852], "summary": {"covered_lines": 2, "num_statements": 2, "percent_covered": 100.0, "percent_covered_display": "100", "missing_lines": 0, "excluded_lines": 0, "percent_statements_covered": 100.0, "percent_statements_covered_display": "100", "num_branches": 0, "num_partial_branches": 0, "covered_branches": 0, "missing_branches": 0, "percent_branches_covered": 100.0, "percent_branches_covered_display": "100"}, "missing_lines": [], "excluded_lines": [], "start_line": 2834, "executed_branches": [], "missing_branches": []}, "UnraidClient.delete_notification": {"executed_lines": [2870, 2878], "summary": {"covered_lines": 2, "num_statements": 2, "percent_covered": 100.0, "percent_covered_display": "100", "missing_lines": 0, "excluded_lines": 0, "percent_statements_covered": 100.0, "percent_statements_covered_display": "100", "num_branches": 0, "num_partial_branches": 0, "covered_branches": 0, "missing_branches": 0, "percent_branches_covered": 100.0, "percent_branches_covered_display": "100"}, "missing_lines": [], "excluded_lines": [], "start_line": 2854, "executed_branches": [], "missing_branches": []}, "UnraidClient.archive_all_notifications": {"executed_lines": [2889, 2897], "summary": {"covered_lines": 2, "num_statements": 2, "percent_covered": 100.0, "percent_covered_display": "100", "missing_lines": 0, "excluded_lines": 0, "percent_statements_covered": 100.0, "percent_statements_covered_display": "100", "num_branches": 0, "num_partial_branches": 0, "covered_branches": 0, "missing_branches": 0, "percent_branches_covered": 100.0, "percent_branches_covered_display": "100"}, "missing_lines": [], "excluded_lines": [], "start_line": 2882, "executed_branches": [], "missing_branches": []}, "UnraidClient.delete_all_notifications": {"executed_lines": [2906, 2914], "summary": {"covered_lines": 2, "num_statements": 2, "percent_covered": 100.0, "percent_covered_display": "100", "missing_lines": 0, "excluded_lines": 0, "percent_statements_covered": 100.0, "percent_statements_covered_display": "100", "num_branches": 0, "num_partial_branches": 0, "covered_branches": 0, "missing_branches": 0, "percent_branches_covered": 100.0, "percent_branches_covered_display": "100"}, "missing_lines": [], "excluded_lines": [], "start_line": 2899, "executed_branches": [], "missing_branches": []}, "UnraidClient.reset_vm": {"executed_lines": [2930, 2937], "summary": {"covered_lines": 2, "num_statements": 2, "percent_covered": 100.0, "percent_covered_display": "100", "missing_lines": 0, "excluded_lines": 0, "percent_statements_covered": 100.0, "percent_statements_covered_display": "100", "num_branches": 0, "num_partial_branches": 0, "covered_branches": 0, "missing_branches": 0, "percent_branches_covered": 100.0, "percent_branches_covered_display": "100"}, "missing_lines": [], "excluded_lines": [], "start_line": 2920, "executed_branches": [], "missing_branches": []}, "UnraidClient.add_array_disk": {"executed_lines": [2956, 2966, 2967, 2968, 2969], "summary": {"covered_lines": 5, "num_statements": 5, "percent_covered": 100.0, "percent_covered_display": "100", "missing_lines": 0, "excluded_lines": 0, "percent_statements_covered": 100.0, "percent_statements_covered_display": "100", "num_branches": 2, "num_partial_branches": 0, "covered_branches": 2, "missing_branches": 0, "percent_branches_covered": 100.0, "percent_branches_covered_display": "100"}, "missing_lines": [], "excluded_lines": [], "start_line": 2943, "executed_branches": [[2967, 2968], [2967, 2969]], "missing_branches": []}, "UnraidClient.remove_array_disk": {"executed_lines": [2984, 2994, 2995, 2996, 2997], "summary": {"covered_lines": 5, "num_statements": 5, "percent_covered": 100.0, "percent_covered_display": "100", "missing_lines": 0, "excluded_lines": 0, "percent_statements_covered": 100.0, "percent_statements_covered_display": "100", "num_branches": 2, "num_partial_branches": 0, "covered_branches": 2, "missing_branches": 0, "percent_branches_covered": 100.0, "percent_branches_covered_display": "100"}, "missing_lines": [], "excluded_lines": [], "start_line": 2971, "executed_branches": [[2995, 2996], [2995, 2997]], "missing_branches": []}, "UnraidClient.clear_disk_stats": {"executed_lines": [3009, 3016], "summary": {"covered_lines": 2, "num_statements": 2, "percent_covered": 100.0, "percent_covered_display": "100", "missing_lines": 0, "excluded_lines": 0, "percent_statements_covered": 100.0, "percent_statements_covered_display": "100", "num_branches": 0, "num_partial_branches": 0, "covered_branches": 0, "missing_branches": 0, "percent_branches_covered": 100.0, "percent_branches_covered_display": "100"}, "missing_lines": [], "excluded_lines": [], "start_line": 2999, "executed_branches": [], "missing_branches": []}, "UnraidClient.restart_container": {"executed_lines": [3042, 3044, 3045, 3046], "summary": {"covered_lines": 4, "num_statements": 4, "percent_covered": 100.0, "percent_covered_display": "100", "missing_lines": 0, "excluded_lines": 0, "percent_statements_covered": 100.0, "percent_statements_covered_display": "100", "num_branches": 0, "num_partial_branches": 0, "covered_branches": 0, "missing_branches": 0, "percent_branches_covered": 100.0, "percent_branches_covered_display": "100"}, "missing_lines": [], "excluded_lines": [], "start_line": 3022, "executed_branches": [], "missing_branches": []}, "UnraidClient.get_container_logs": {"executed_lines": [3070, 3088, 3089, 3090, 3091, 3092, 3093, 3094, 3095], "summary": {"covered_lines": 9, "num_statements": 9, "percent_covered": 100.0, "percent_covered_display": "100", "missing_lines": 0, "excluded_lines": 0, "percent_statements_covered": 100.0, "percent_statements_covered_display": "100", "num_branches": 4, "num_partial_branches": 0, "covered_branches": 4, "missing_branches": 0, "percent_branches_covered": 100.0, "percent_branches_covered_display": "100"}, "missing_lines": [], "excluded_lines": [], "start_line": 3052, "executed_branches": [[3089, 3090], [3089, 3091], [3091, 3092], [3091, 3093]], "missing_branches": []}, "UnraidClient.typed_get_container_logs": {"executed_lines": [3115, 3117, 3118], "summary": {"covered_lines": 3, "num_statements": 3, "percent_covered": 100.0, "percent_covered_display": "100", "missing_lines": 0, "excluded_lines": 0, "percent_statements_covered": 100.0, "percent_statements_covered_display": "100", "num_branches": 0, "num_partial_branches": 0, "covered_branches": 0, "missing_branches": 0, "percent_branches_covered": 100.0, "percent_branches_covered_display": "100"}, "missing_lines": [], "excluded_lines": [], "start_line": 3097, "executed_branches": [], "missing_branches": []}, "UnraidClient.get_me": {"executed_lines": [3131, 3141, 3142, 3143], "summary": {"covered_lines": 4, "num_statements": 4, "percent_covered": 100.0, "percent_covered_display": "100", "missing_lines": 0, "excluded_lines": 0, "percent_statements_covered": 100.0, "percent_statements_covered_display": "100", "num_branches": 0, "num_partial_branches": 0, "covered_branches": 0, "missing_branches": 0, "percent_branches_covered": 100.0, "percent_branches_covered_display": "100"}, "missing_lines": [], "excluded_lines": [], "start_line": 3124, "executed_branches": [], "missing_branches": []}, "UnraidClient.typed_get_me": {"executed_lines": [3152, 3154, 3155], "summary": {"covered_lines": 3, "num_statements": 3, "percent_covered": 100.0, "percent_covered_display": "100", "missing_lines": 0, "excluded_lines": 0, "percent_statements_covered": 100.0, "percent_statements_covered_display": "100", "num_branches": 0, "num_partial_branches": 0, "covered_branches": 0, "missing_branches": 0, "percent_branches_covered": 100.0, "percent_branches_covered_display": "100"}, "missing_lines": [], "excluded_lines": [], "start_line": 3145, "executed_branches": [], "missing_branches": []}, "UnraidClient.get_api_keys": {"executed_lines": [3168, 3179, 3180, 3181], "summary": {"covered_lines": 4, "num_statements": 4, "percent_covered": 100.0, "percent_covered_display": "100", "missing_lines": 0, "excluded_lines": 0, "percent_statements_covered": 100.0, "percent_statements_covered_display": "100", "num_branches": 0, "num_partial_branches": 0, "covered_branches": 0, "missing_branches": 0, "percent_branches_covered": 100.0, "percent_branches_covered_display": "100"}, "missing_lines": [], "excluded_lines": [], "start_line": 3161, "executed_branches": [], "missing_branches": []}, "UnraidClient.typed_get_api_keys": {"executed_lines": [3190, 3192, 3193], "summary": {"covered_lines": 3, "num_statements": 3, "percent_covered": 100.0, "percent_covered_display": "100", "missing_lines": 0, "excluded_lines": 0, "percent_statements_covered": 100.0, "percent_statements_covered_display": "100", "num_branches": 0, "num_partial_branches": 0, "covered_branches": 0, "missing_branches": 0, "percent_branches_covered": 100.0, "percent_branches_covered_display": "100"}, "missing_lines": [], "excluded_lines": [], "start_line": 3183, "executed_branches": [], "missing_branches": []}, "UnraidClient.create_api_key": {"executed_lines": [3213, 3227, 3228, 3229, 3230, 3231, 3232, 3233, 3234], "summary": {"covered_lines": 9, "num_statements": 9, "percent_covered": 100.0, "percent_covered_display": "100", "missing_lines": 0, "excluded_lines": 0, "percent_statements_covered": 100.0, "percent_statements_covered_display": "100", "num_branches": 4, "num_partial_branches": 0, "covered_branches": 4, "missing_branches": 0, "percent_branches_covered": 100.0, "percent_branches_covered_display": "100"}, "missing_lines": [], "excluded_lines": [], "start_line": 3195, "executed_branches": [[3228, 3229], [3228, 3230], [3230, 3231], [3230, 3232]], "missing_branches": []}, "UnraidClient.update_api_key": {"executed_lines": [3254, 3266, 3267, 3268, 3269, 3270, 3271, 3272, 3273], "summary": {"covered_lines": 9, "num_statements": 9, "percent_covered": 100.0, "percent_covered_display": "100", "missing_lines": 0, "excluded_lines": 0, "percent_statements_covered": 100.0, "percent_statements_covered_display": "100", "num_branches": 4, "num_partial_branches": 0, "covered_branches": 4, "missing_branches": 0, "percent_branches_covered": 100.0, "percent_branches_covered_display": "100"}, "missing_lines": [], "excluded_lines": [], "start_line": 3236, "executed_branches": [[3267, 3268], [3267, 3269], [3269, 3270], [3269, 3271]], "missing_branches": []}, "UnraidClient.delete_api_keys": {"executed_lines": [3285, 3292], "summary": {"covered_lines": 2, "num_statements": 2, "percent_covered": 100.0, "percent_covered_display": "100", "missing_lines": 0, "excluded_lines": 0, "percent_statements_covered": 100.0, "percent_statements_covered_display": "100", "num_branches": 0, "num_partial_branches": 0, "covered_branches": 0, "missing_branches": 0, "percent_branches_covered": 100.0, "percent_branches_covered_display": "100"}, "missing_lines": [], "excluded_lines": [], "start_line": 3275, "executed_branches": [], "missing_branches": []}, "UnraidClient.subscribe_container_stats": {"executed_lines": [3310, 3312, 3319, 3320, 3321], "summary": {"covered_lines": 5, "num_statements": 5, "percent_covered": 100.0, "percent_covered_display": "100", "missing_lines": 0, "excluded_lines": 0, "percent_statements_covered": 100.0, "percent_statements_covered_display": "100", "num_branches": 2, "num_partial_branches": 0, "covered_branches": 2, "missing_branches": 0, "percent_branches_covered": 100.0, "percent_branches_covered_display": "100"}, "missing_lines": [], "excluded_lines": [], "start_line": 3298, "executed_branches": [[3319, -3298], [3319, 3320]], "missing_branches": []}, "UnraidClient.subscribe_cpu_metrics": {"executed_lines": [3332, 3334, 3342, 3343, 3344], "summary": {"covered_lines": 5, "num_statements": 5, "percent_covered": 100.0, "percent_covered_display": "100", "missing_lines": 0, "excluded_lines": 0, "percent_statements_covered": 100.0, "percent_statements_covered_display": "100", "num_branches": 2, "num_partial_branches": 0, "covered_branches": 2, "missing_branches": 0, "percent_branches_covered": 100.0, "percent_branches_covered_display": "100"}, "missing_lines": [], "excluded_lines": [], "start_line": 3323, "executed_branches": [[3342, -3323], [3342, 3343]], "missing_branches": []}, "UnraidClient.subscribe_cpu_telemetry": {"executed_lines": [3358, 3360, 3367, 3368, 3369], "summary": {"covered_lines": 5, "num_statements": 5, "percent_covered": 100.0, "percent_covered_display": "100", "missing_lines": 0, "excluded_lines": 0, "percent_statements_covered": 100.0, "percent_statements_covered_display": "100", "num_branches": 2, "num_partial_branches": 0, "covered_branches": 2, "missing_branches": 0, "percent_branches_covered": 100.0, "percent_branches_covered_display": "100"}, "missing_lines": [], "excluded_lines": [], "start_line": 3346, "executed_branches": [[3367, -3346], [3367, 3368]], "missing_branches": []}, "UnraidClient.subscribe_memory_metrics": {"executed_lines": [3383, 3385, 3392, 3393, 3394], "summary": {"covered_lines": 5, "num_statements": 5, "percent_covered": 100.0, "percent_covered_display": "100", "missing_lines": 0, "excluded_lines": 0, "percent_statements_covered": 100.0, "percent_statements_covered_display": "100", "num_branches": 2, "num_partial_branches": 0, "covered_branches": 2, "missing_branches": 0, "percent_branches_covered": 100.0, "percent_branches_covered_display": "100"}, "missing_lines": [], "excluded_lines": [], "start_line": 3371, "executed_branches": [[3392, -3371], [3392, 3393]], "missing_branches": []}, "UnraidClient.subscribe_temperature_metrics": {"executed_lines": [3408, 3410, 3431, 3432, 3433], "summary": {"covered_lines": 5, "num_statements": 5, "percent_covered": 100.0, "percent_covered_display": "100", "missing_lines": 0, "excluded_lines": 0, "percent_statements_covered": 100.0, "percent_statements_covered_display": "100", "num_branches": 2, "num_partial_branches": 0, "covered_branches": 2, "missing_branches": 0, "percent_branches_covered": 100.0, "percent_branches_covered_display": "100"}, "missing_lines": [], "excluded_lines": [], "start_line": 3396, "executed_branches": [[3431, -3396], [3431, 3432]], "missing_branches": []}, "UnraidClient.subscribe_ups_updates": {"executed_lines": [3447, 3454, 3455], "summary": {"covered_lines": 3, "num_statements": 3, "percent_covered": 100.0, "percent_covered_display": "100", "missing_lines": 0, "excluded_lines": 0, "percent_statements_covered": 100.0, "percent_statements_covered_display": "100", "num_branches": 2, "num_partial_branches": 0, "cover
[...]
num_branches": 0, "num_partial_branches": 0, "covered_branches": 0, "missing_branches": 0, "percent_branches_covered": 100.0, "percent_branches_covered_display": "100"}, "missing_lines": [], "excluded_lines": [], "start_line": 1372, "executed_branches": [], "missing_branches": []}, "ApiKeyResponse": {"executed_lines": [], "summary": {"covered_lines": 0, "num_statements": 0, "percent_covered": 100.0, "percent_covered_display": "100", "missing_lines": 0, "excluded_lines": 0, "percent_statements_covered": 100.0, "percent_statements_covered_display": "100", "num_branches": 0, "num_partial_branches": 0, "covered_branches": 0, "missing_branches": 0, "percent_branches_covered": 100.0, "percent_branches_covered_display": "100"}, "missing_lines": [], "excluded_lines": [], "start_line": 1394, "executed_branches": [], "missing_branches": []}, "CloudResponse": {"executed_lines": [], "summary": {"covered_lines": 0, "num_statements": 0, "percent_covered": 100.0, "percent_covered_display": "100", "missing_lines": 0, "excluded_lines": 0, "percent_statements_covered": 100.0, "percent_statements_covered_display": "100", "num_branches": 0, "num_partial_branches": 0, "covered_branches": 0, "missing_branches": 0, "percent_branches_covered": 100.0, "percent_branches_covered_display": "100"}, "missing_lines": [], "excluded_lines": [], "start_line": 1407, "executed_branches": [], "missing_branches": []}, "RelayResponse": {"executed_lines": [], "summary": {"covered_lines": 0, "num_statements": 0, "percent_covered": 100.0, "percent_covered_display": "100", "missing_lines": 0, "excluded_lines": 0, "percent_statements_covered": 100.0, "percent_statements_covered_display": "100", "num_branches": 0, "num_partial_branches": 0, "covered_branches": 0, "missing_branches": 0, "percent_branches_covered": 100.0, "percent_branches_covered_display": "100"}, "missing_lines": [], "excluded_lines": [], "start_line": 1415, "executed_branches": [], "missing_branches": []}, "MinigraphqlResponse": {"executed_lines": [], "summary": {"covered_lines": 0, "num_statements": 0, "percent_covered": 100.0, "percent_covered_display": "100", "missing_lines": 0, "excluded_lines": 0, "percent_statements_covered": 100.0, "percent_statements_covered_display": "100", "num_branches": 0, "num_partial_branches": 0, "covered_branches": 0, "missing_branches": 0, "percent_branches_covered": 100.0, "percent_branches_covered_display": "100"}, "missing_lines": [], "excluded_lines": [], "start_line": 1423, "executed_branches": [], "missing_branches": []}, "Cloud": {"executed_lines": [], "summary": {"covered_lines": 0, "num_statements": 0, "percent_covered": 100.0, "percent_covered_display": "100", "missing_lines": 0, "excluded_lines": 0, "percent_statements_covered": 100.0, "percent_statements_covered_display": "100", "num_branches": 0, "num_partial_branches": 0, "covered_branches": 0, "missing_branches": 0, "percent_branches_covered": 100.0, "percent_branches_covered_display": "100"}, "missing_lines": [], "excluded_lines": [], "start_line": 1438, "executed_branches": [], "missing_branches": []}, "DynamicRemoteAccessStatus": {"executed_lines": [], "summary": {"covered_lines": 0, "num_statements": 0, "percent_covered": 100.0, "percent_covered_display": "100", "missing_lines": 0, "excluded_lines": 0, "percent_statements_covered": 100.0, "percent_statements_covered_display": "100", "num_branches": 0, "num_partial_branches": 0, "covered_branches": 0, "missing_branches": 0, "percent_branches_covered": 100.0, "percent_branches_covered_display": "100"}, "missing_lines": [], "excluded_lines": [], "start_line": 1459, "executed_branches": [], "missing_branches": []}, "Connect": {"executed_lines": [], "summary": {"covered_lines": 0, "num_statements": 0, "percent_covered": 100.0, "percent_covered_display": "100", "missing_lines": 0, "excluded_lines": 0, "percent_statements_covered": 100.0, "percent_statements_covered_display": "100", "num_branches": 0, "num_partial_branches": 0, "covered_branches": 0, "missing_branches": 0, "percent_branches_covered": 100.0, "percent_branches_covered_display": "100"}, "missing_lines": [], "excluded_lines": [], "start_line": 1474, "executed_branches": [], "missing_branches": []}, "RemoteAccess": {"executed_lines": [], "summary": {"covered_lines": 0, "num_statements": 0, "percent_covered": 100.0, "percent_covered_display": "100", "missing_lines": 0, "excluded_lines": 0, "percent_statements_covered": 100.0, "percent_statements_covered_display": "100", "num_branches": 0, "num_partial_branches": 0, "covered_branches": 0, "missing_branches": 0, "percent_branches_covered": 100.0, "percent_branches_covered_display": "100"}, "missing_lines": [], "excluded_lines": [], "start_line": 1487, "executed_branches": [], "missing_branches": []}, "Permission": {"executed_lines": [], "summary": {"covered_lines": 0, "num_statements": 0, "percent_covered": 100.0, "percent_covered_display": "100", "missing_lines": 0, "excluded_lines": 0, "percent_statements_covered": 100.0, "percent_statements_covered_display": "100", "num_branches": 0, "num_partial_branches": 0, "covered_branches": 0, "missing_branches": 0, "percent_branches_covered": 100.0, "percent_branches_covered_display": "100"}, "missing_lines": [], "excluded_lines": [], "start_line": 1507, "executed_branches": [], "missing_branches": []}, "UserAccount": {"executed_lines": [], "summary": {"covered_lines": 0, "num_statements": 0, "percent_covered": 100.0, "percent_covered_display": "100", "missing_lines": 0, "excluded_lines": 0, "percent_statements_covered": 100.0, "percent_statements_covered_display": "100", "num_branches": 0, "num_partial_branches": 0, "covered_branches": 0, "missing_branches": 0, "percent_branches_covered": 100.0, "percent_branches_covered_display": "100"}, "missing_lines": [], "excluded_lines": [], "start_line": 1520, "executed_branches": [], "missing_branches": []}, "ApiKey": {"executed_lines": [], "summary": {"covered_lines": 0, "num_statements": 0, "percent_covered": 100.0, "percent_covered_display": "100", "missing_lines": 0, "excluded_lines": 0, "percent_statements_covered": 100.0, "percent_statements_covered_display": "100", "num_branches": 0, "num_partial_branches": 0, "covered_branches": 0, "missing_branches": 0, "percent_branches_covered": 100.0, "percent_branches_covered_display": "100"}, "missing_lines": [], "excluded_lines": [], "start_line": 1539, "executed_branches": [], "missing_branches": []}, "VersionInfo": {"executed_lines": [], "summary": {"covered_lines": 0, "num_statements": 0, "percent_covered": 100.0, "percent_covered_display": "100", "missing_lines": 0, "excluded_lines": 0, "percent_statements_covered": 100.0, "percent_statements_covered_display": "100", "num_branches": 0, "num_partial_branches": 0, "covered_branches": 0, "missing_branches": 0, "percent_branches_covered": 100.0, "percent_branches_covered_display": "100"}, "missing_lines": [], "excluded_lines": [], "start_line": 1572, "executed_branches": [], "missing_branches": []}, "ParityHistoryEntry": {"executed_lines": [1650, 1651, 1652], "summary": {"covered_lines": 3, "num_statements": 3, "percent_covered": 100.0, "percent_covered_display": "100", "missing_lines": 0, "excluded_lines": 0, "percent_statements_covered": 100.0, "percent_statements_covered_display": "100", "num_branches": 2, "num_partial_branches": 0, "covered_branches": 2, "missing_branches": 0, "percent_branches_covered": 100.0, "percent_branches_covered_display": "100"}, "missing_lines": [], "excluded_lines": [], "start_line": 1623, "executed_branches": [[1650, 1651], [1650, 1652]], "missing_branches": []}, "DockerContainerLogLine": {"executed_lines": [], "summary": {"covered_lines": 0, "num_statements": 0, "percent_covered": 100.0, "percent_covered_display": "100", "missing_lines": 0, "excluded_lines": 0, "percent_statements_covered": 100.0, "percent_statements_covered_display": "100", "num_branches": 0, "num_partial_branches": 0, "covered_branches": 0, "missing_branches": 0, "percent_branches_covered": 100.0, "percent_branches_covered_display": "100"}, "missing_lines": [], "excluded_lines": [], "start_line": 1660, "executed_branches": [], "missing_branches": []}, "DockerContainerLogs": {"executed_lines": [], "summary": {"covered_lines": 0, "num_statements": 0, "percent_covered": 100.0, "percent_covered_display": "100", "missing_lines": 0, "excluded_lines": 0, "percent_statements_covered": 100.0, "percent_statements_covered_display": "100", "num_branches": 0, "num_partial_branches": 0, "covered_branches": 0, "missing_branches": 0, "percent_branches_covered": 100.0, "percent_branches_covered_display": "100"}, "missing_lines": [], "excluded_lines": [], "start_line": 1673, "executed_branches": [], "missing_branches": []}, "ContainerUpdateStatus": {"executed_lines": [], "summary": {"covered_lines": 0, "num_statements": 0, "percent_covered": 100.0, "percent_covered_display": "100", "missing_lines": 0, "excluded_lines": 0, "percent_statements_covered": 100.0, "percent_statements_covered_display": "100", "num_branches": 0, "num_partial_branches": 0, "covered_branches": 0, "missing_branches": 0, "percent_branches_covered": 100.0, "percent_branches_covered_display": "100"}, "missing_lines": [], "excluded_lines": [], "start_line": 1693, "executed_branches": [], "missing_branches": []}, "UPSConfiguration": {"executed_lines": [], "summary": {"covered_lines": 0, "num_statements": 0, "percent_covered": 100.0, "percent_covered_display": "100", "missing_lines": 0, "excluded_lines": 0, "percent_statements_covered": 100.0, "percent_statements_covered_display": "100", "num_branches": 0, "num_partial_branches": 0, "covered_branches": 0, "missing_branches": 0, "percent_branches_covered": 100.0, "percent_branches_covered_display": "100"}, "missing_lines": [], "excluded_lines": [], "start_line": 1711, "executed_branches": [], "missing_branches": []}, "DisplaySettings": {"executed_lines": [], "summary": {"covered_lines": 0, "num_statements": 0, "percent_covered": 100.0, "percent_covered_display": "100", "missing_lines": 0, "excluded_lines": 0, "percent_statements_covered": 100.0, "percent_statements_covered_display": "100", "num_branches": 0, "num_partial_branches": 0, "covered_branches": 0, "missing_branches": 0, "percent_branches_covered": 100.0, "percent_branches_covered_display": "100"}, "missing_lines": [], "excluded_lines": [], "start_line": 1753, "executed_branches": [], "missing_branches": []}, "DockerPortConflictContainer": {"executed_lines": [], "summary": {"covered_lines": 0, "num_statements": 0, "percent_covered": 100.0, "percent_covered_display": "100", "missing_lines": 0, "excluded_lines": 0, "percent_statements_covered": 100.0, "percent_statements_covered_display": "100", "num_branches": 0, "num_partial_branches": 0, "covered_branches": 0, "missing_branches": 0, "percent_branches_covered": 100.0, "percent_branches_covered_display": "100"}, "missing_lines": [], "excluded_lines": [], "start_line": 1795, "executed_branches": [], "missing_branches": []}, "DockerLanPortConflict": {"executed_lines": [], "summary": {"covered_lines": 0, "num_statements": 0, "percent_covered": 100.0, "percent_covered_display": "100", "missing_lines": 0, "excluded_lines": 0, "percent_statements_covered": 100.0, "percent_statements_covered_display": "100", "num_branches": 0, "num_partial_branches": 0, "covered_branches": 0, "missing_branches": 0, "percent_branches_covered": 100.0, "percent_branches_covered_display": "100"}, "missing_lines": [], "excluded_lines": [], "start_line": 1801, "executed_branches": [], "missing_branches": []}, "DockerPortConflicts": {"executed_lines": [], "summary": {"covered_lines": 0, "num_statements": 0, "percent_covered": 100.0, "percent_covered_display": "100", "missing_lines": 0, "excluded_lines": 0, "percent_statements_covered": 100.0, "percent_statements_covered_display": "100", "num_branches": 0, "num_partial_branches": 0, "covered_branches": 0, "missing_branches": 0, "percent_branches_covered": 100.0, "percent_branches_covered_display": "100"}, "missing_lines": [], "excluded_lines": [], "start_line": 1807, "executed_branches": [], "missing_branches": []}, "CpuCore": {"executed_lines": [], "summary": {"covered_lines": 0, "num_statements": 0, "percent_covered": 100.0, "percent_covered_display": "100", "missing_lines": 0, "excluded_lines": 0, "percent_statements_covered": 100.0, "percent_statements_covered_display": "100", "num_branches": 0, "num_partial_branches": 0, "covered_branches": 0, "missing_branches": 0, "percent_branches_covered": 100.0, "percent_branches_covered_display": "100"}, "missing_lines": [], "excluded_lines": [], "start_line": 1818, "executed_branches": [], "missing_branches": []}, "CpuMetrics": {"executed_lines": [], "summary": {"covered_lines": 0, "num_statements": 0, "percent_covered": 100.0, "percent_covered_display": "100", "missing_lines": 0, "excluded_lines": 0, "percent_statements_covered": 100.0, "percent_statements_covered_display": "100", "num_branches": 0, "num_partial_branches": 0, "covered_branches": 0, "missing_branches": 0, "percent_branches_covered": 100.0, "percent_branches_covered_display": "100"}, "missing_lines": [], "excluded_lines": [], "start_line": 1824, "executed_branches": [], "missing_branches": []}, "CpuTelemetryMetrics": {"executed_lines": [], "summary": {"covered_lines": 0, "num_statements": 0, "percent_covered": 100.0, "percent_covered_display": "100", "missing_lines": 0, "excluded_lines": 0, "percent_statements_covered": 100.0, "percent_statements_covered_display": "100", "num_branches": 0, "num_partial_branches": 0, "covered_branches": 0, "missing_branches": 0, "percent_branches_covered": 100.0, "percent_branches_covered_display": "100"}, "missing_lines": [], "excluded_lines": [], "start_line": 1831, "executed_branches": [], "missing_branches": []}, "MemoryMetrics": {"executed_lines": [], "summary": {"covered_lines": 0, "num_statements": 0, "percent_covered": 100.0, "percent_covered_display": "100", "missing_lines": 0, "excluded_lines": 0, "percent_statements_covered": 100.0, "percent_statements_covered_display": "100", "num_branches": 0, "num_partial_branches": 0, "covered_branches": 0, "missing_branches": 0, "percent_branches_covered": 100.0, "percent_branches_covered_display": "100"}, "missing_lines": [], "excluded_lines": [], "start_line": 1839, "executed_branches": [], "missing_branches": []}, "ArraySubscriptionUpdate": {"executed_lines": [], "summary": {"covered_lines": 0, "num_statements": 0, "percent_covered": 100.0, "percent_covered_display": "100", "missing_lines": 0, "excluded_lines": 0, "percent_statements_covered": 100.0, "percent_statements_covered_display": "100", "num_branches": 0, "num_partial_branches": 0, "covered_branches": 0, "missing_branches": 0, "percent_branches_covered": 100.0, "percent_branches_covered_display": "100"}, "missing_lines": [], "excluded_lines": [], "start_line": 1848, "executed_branches": [], "missing_branches": []}, "": {"executed_lines": [3, 5, 6, 7, 8, 10, 13, 23, 24, 25, 26, 27, 29, 30, 31, 37, 40, 50, 51, 52, 53, 55, 56, 57, 59, 60, 61, 64, 74, 76, 77, 79, 80, 81, 82, 83, 84, 85, 87, 90, 93, 101, 104, 105, 106, 107, 108, 111, 114, 115, 118, 121, 122, 123, 124, 127, 130, 131, 132, 135, 138, 139, 140, 143, 146, 149, 152, 153, 154, 155, 156, 164, 167, 170, 173, 174, 175, 176, 177, 178, 179, 180, 181, 182, 183, 186, 189, 190, 198, 201, 202, 203, 204, 205, 206, 207, 208, 209, 210, 213, 216, 217, 218, 219, 222, 225, 226, 227, 228, 231, 234, 235, 236, 239, 242, 243, 246, 249, 250, 251, 252, 253, 254, 255, 256, 257, 258, 260, 261, 267, 268, 274, 275, 282, 285, 286, 287, 288, 289, 292, 295, 296, 297, 299, 313, 314, 318, 319, 323, 324, 336, 339, 340, 341, 344, 347, 349, 350, 354, 355, 359, 360, 364, 365, 372, 375, 376, 377, 378, 379, 380, 381, 382, 384, 385, 391, 392, 399, 414, 415, 416, 417, 418, 419, 420, 421, 422, 423, 424, 425, 426, 427, 428, 429, 430, 431, 432, 433, 434, 435, 436, 437, 438, 440, 441, 445, 446, 452, 453, 457, 458, 462, 463, 482, 483, 487, 488, 510, 513, 514, 515, 516, 517, 518, 519, 520, 528, 539, 540, 541, 542, 543, 544, 545, 546, 547, 548, 556, 559, 560, 561, 562, 565, 568, 571, 574, 575, 576, 579, 582, 583, 584, 585, 588, 604, 605, 606, 607, 608, 609, 612, 615, 616, 617, 618, 619, 620, 621, 622, 623, 624, 625, 626, 627, 628, 629, 630, 631, 632, 633, 634, 636, 637, 638, 639, 640, 641, 642, 643, 644, 645, 646, 647, 648, 649, 651, 652, 658, 659, 723, 726, 727, 728, 729, 730, 731, 732, 733, 734, 735, 743, 746, 747, 748, 749, 750, 751, 752, 753, 754, 756, 757, 769, 772, 773, 774, 776, 777, 789, 792, 793, 794, 795, 796, 799, 802, 803, 804, 805, 806, 807, 809, 810, 816, 838, 841, 842, 843, 844, 845, 847, 848, 849, 850, 851, 852, 853, 854, 855, 856, 858, 859, 867, 868, 872, 873, 877, 878, 892, 895, 896, 897, 898, 899, 900, 901, 902, 903, 906, 909, 910, 911, 912, 915, 918, 919, 927, 930, 931, 932, 940, 948, 949, 950, 951, 954, 955, 956, 957, 958, 959, 960, 963, 964, 965, 966, 969, 972, 974, 975, 986, 987, 1046, 1054, 1055, 1058, 1059, 1060, 1061, 1062, 1065, 1066, 1069, 1070, 1071, 1074, 1077, 1078, 1079, 1082, 1083, 1086, 1087, 1088, 1090, 1091, 1143, 1146, 1147, 1150, 1153, 1154, 1155, 1156, 1157, 1158, 1166, 1173, 1176, 1177, 1178, 1179, 1180, 1181, 1182, 1183, 1186, 1187, 1188, 1189, 1190, 1191, 1192, 1195, 1196, 1197, 1198, 1199, 1200, 1201, 1202, 1203, 1206, 1207, 1208, 1209, 1210, 1213, 1214, 1215, 1216, 1217, 1218, 1221, 1222, 1223, 1224, 1225, 1226, 1229, 1230, 1231, 1234, 1235, 1236, 1237, 1238, 1239, 1242, 1243, 1244, 1245, 1246, 1247, 1248, 1249, 1250, 1251, 1252, 1255, 1256, 1261, 1264, 1265, 1266, 1267, 1268, 1271, 1272, 1273, 1274, 1275, 1278, 1286, 1289, 1292, 1295, 1296, 1297, 1298, 1299, 1307, 1310, 1311, 1312, 1320, 1323, 1324, 1325, 1333, 1344, 1345, 1346, 1347, 1355, 1366, 1367, 1368, 1369, 1372, 1383, 1384, 1385, 1386, 1394, 1403, 1404, 1407, 1410, 1411, 1412, 1415, 1418, 1419, 1420, 1423, 1433, 1434, 1435, 1438, 1451, 1452, 1453, 1454, 1455, 1456, 1459, 1469, 1470, 1471, 1474, 1483, 1484, 1487, 1497, 1498, 1499, 1507, 1516, 1517, 1520, 1532, 1533, 1534, 1535, 1536, 1539, 1553, 1554, 1555, 1556, 1557, 1558, 1559, 1572, 1581, 1582, 1590, 1595, 1597, 1598, 1599, 1600, 1602, 1603, 1605, 1606, 1607, 1608, 1609, 1611, 1612, 1614, 1615, 1616, 1617, 1620, 1623, 1635, 1636, 1637, 1638, 1639, 1641, 1642, 1660, 1669, 1670, 1673, 1683, 1684, 1685, 1693, 1702, 1703, 1711, 1732, 1733, 1734, 1735, 1736, 1737, 1738, 1739, 1740, 1741, 1742, 1743, 1744, 1745, 1753, 1774, 1775, 1776, 1777, 1778, 1779, 1780, 1781, 1782, 1783, 1784, 1785, 1786, 1787, 1795, 1798, 1801, 1804, 1807, 1810, 1818, 1821, 1824, 1827, 1828, 1831, 1834, 1835, 1836, 1839, 1842, 1843, 1844, 1845, 1848, 1851, 1852], "summary": {"covered_lines": 698, "num_statements": 699, "percent_covered": 99.58620689655173, "percent_covered_display": "99", "missing_lines": 1, "excluded_lines": 0, "percent_statements_covered": 99.85693848354792, "percent_statements_covered_display": "99", "num_branches": 26, "num_partial_branches": 2, "covered_branches": 24, "missing_branches": 2, "percent_branches_covered": 92.3076923076923, "percent_branches_covered_display": "92"}, "missing_lines": [1596], "excluded_lines": [], "start_line": 1, "executed_branches": [[23, 24], [23, 25], [25, 26], [25, 27], [27, 29], [27, 31], [50, 51], [50, 52], [52, 53], [52, 55], [59, 60], [59, 61], [80, 81], [80, 82], [82, 83], [82, 84], [84, 85], [84, 87], [1595, 1597], [1597, 1598], [1597, 1599], [1599, 1600], [1599, 1603], [1603, 1605]], "missing_branches": [[1595, 1596], [1603, 1617]]}}}}, "totals": {"covered_lines": 1621, "num_statements": 1653, "percent_covered": 96.95857367593078, "percent_covered_display": "97", "missing_lines": 32, "excluded_lines": 8, "percent_statements_covered": 98.06412583182093, "percent_statements_covered_display": "98", "num_branches": 254, "num_partial_branches": 22, "covered_branches": 228, "missing_branches": 26, "percent_branches_covered": 89.76377952755905, "percent_branches_covered_display": "90"}}
